{"C:\\Users\\shreya\\kerdostat\\frontend\\src\\App.jsx": {"path":"C:\\Users\\shreya\\kerdostat\\frontend\\src\\App.jsx","statementMap":{"0":{"start":{"line":9,"column":6},"end":{"line":9,"column":null}},"1":{"start":{"line":9,"column":31},"end":{"line":9,"column":null}},"2":{"start":{"line":10,"column":6},"end":{"line":10,"column":null}},"3":{"start":{"line":10,"column":33},"end":{"line":10,"column":null}},"4":{"start":{"line":11,"column":6},"end":{"line":11,"column":null}},"5":{"start":{"line":11,"column":33},"end":{"line":11,"column":null}},"6":{"start":{"line":12,"column":6},"end":{"line":12,"column":null}},"7":{"start":{"line":12,"column":30},"end":{"line":12,"column":null}},"8":{"start":{"line":13,"column":6},"end":{"line":13,"column":null}},"9":{"start":{"line":13,"column":32},"end":{"line":13,"column":null}},"10":{"start":{"line":14,"column":6},"end":{"line":14,"column":null}},"11":{"start":{"line":14,"column":32},"end":{"line":14,"column":null}},"12":{"start":{"line":15,"column":6},"end":{"line":15,"column":null}},"13":{"start":{"line":15,"column":32},"end":{"line":15,"column":null}},"14":{"start":{"line":16,"column":6},"end":{"line":16,"column":null}},"15":{"start":{"line":16,"column":31},"end":{"line":16,"column":null}},"16":{"start":{"line":17,"column":6},"end":{"line":17,"column":null}},"17":{"start":{"line":17,"column":28},"end":{"line":17,"column":null}},"18":{"start":{"line":18,"column":6},"end":{"line":20,"column":null}},"19":{"start":{"line":19,"column":2},"end":{"line":20,"column":null}},"20":{"start":{"line":19,"column":54},"end":{"line":20,"column":null}},"21":{"start":{"line":23,"column":2},"end":{"line":66,"column":null}}},"fnMap":{"0":{"name":"(anonymous_0)","decl":{"start":{"line":9,"column":20},"end":{"line":9,"column":31}},"loc":{"start":{"line":9,"column":31},"end":{"line":9,"column":null}},"line":9},"1":{"name":"(anonymous_1)","decl":{"start":{"line":10,"column":22},"end":{"line":10,"column":33}},"loc":{"start":{"line":10,"column":33},"end":{"line":10,"column":null}},"line":10},"2":{"name":"(anonymous_2)","decl":{"start":{"line":11,"column":22},"end":{"line":11,"column":33}},"loc":{"start":{"line":11,"column":33},"end":{"line":11,"column":null}},"line":11},"3":{"name":"(anonymous_3)","decl":{"start":{"line":12,"column":19},"end":{"line":12,"column":30}},"loc":{"start":{"line":12,"column":30},"end":{"line":12,"column":null}},"line":12},"4":{"name":"(anonymous_4)","decl":{"start":{"line":13,"column":21},"end":{"line":13,"column":32}},"loc":{"start":{"line":13,"column":32},"end":{"line":13,"column":null}},"line":13},"5":{"name":"(anonymous_5)","decl":{"start":{"line":14,"column":21},"end":{"line":14,"column":32}},"loc":{"start":{"line":14,"column":32},"end":{"line":14,"column":null}},"line":14},"6":{"name":"(anonymous_6)","decl":{"start":{"line":15,"column":21},"end":{"line":15,"column":32}},"loc":{"start":{"line":15,"column":32},"end":{"line":15,"column":null}},"line":15},"7":{"name":"(anonymous_7)","decl":{"start":{"line":16,"column":20},"end":{"line":16,"column":31}},"loc":{"start":{"line":16,"column":31},"end":{"line":16,"column":null}},"line":16},"8":{"name":"(anonymous_8)","decl":{"start":{"line":17,"column":17},"end":{"line":17,"column":28}},"loc":{"start":{"line":17,"column":28},"end":{"line":17,"column":null}},"line":17},"9":{"name":"(anonymous_9)","decl":{"start":{"line":18,"column":17},"end":{"line":18,"column":null}},"loc":{"start":{"line":19,"column":2},"end":{"line":20,"column":null}},"line":19},"10":{"name":"(anonymous_10)","decl":{"start":{"line":19,"column":40},"end":{"line":19,"column":52}},"loc":{"start":{"line":19,"column":54},"end":{"line":20,"column":null}},"line":19},"11":{"name":"App","decl":{"start":{"line":22,"column":24},"end":{"line":22,"column":30}},"loc":{"start":{"line":22,"column":30},"end":{"line":68,"column":null}},"line":22}},"branchMap":{},"s":{"0":1,"1":0,"2":1,"3":1,"4":1,"5":1,"6":1,"7":1,"8":1,"9":0,"10":1,"11":0,"12":1,"13":0,"14":1,"15":0,"16":1,"17":0,"18":1,"19":1,"20":1,"21":2},"f":{"0":0,"1":1,"2":1,"3":1,"4":0,"5":0,"6":0,"7":0,"8":0,"9":1,"10":1,"11":2},"b":{},"meta":{"lastBranch":0,"lastFunction":12,"lastStatement":22,"seen":{"s:9:6:9:Infinity":0,"f:9:20:9:31":0,"s:9:31:9:Infinity":1,"s:10:6:10:Infinity":2,"f:10:22:10:33":1,"s:10:33:10:Infinity":3,"s:11:6:11:Infinity":4,"f:11:22:11:33":2,"s:11:33:11:Infinity":5,"s:12:6:12:Infinity":6,"f:12:19:12:30":3,"s:12:30:12:Infinity":7,"s:13:6:13:Infinity":8,"f:13:21:13:32":4,"s:13:32:13:Infinity":9,"s:14:6:14:Infinity":10,"f:14:21:14:32":5,"s:14:32:14:Infinity":11,"s:15:6:15:Infinity":12,"f:15:21:15:32":6,"s:15:32:15:Infinity":13,"s:16:6:16:Infinity":14,"f:16:20:16:31":7,"s:16:31:16:Infinity":15,"s:17:6:17:Infinity":16,"f:17:17:17:28":8,"s:17:28:17:Infinity":17,"s:18:6:20:Infinity":18,"f:18:17:18:Infinity":9,"s:19:2:20:Infinity":19,"f:19:40:19:52":10,"s:19:54:20:Infinity":20,"f:22:24:22:30":11,"s:23:2:66:Infinity":21},"fnNames":{}}}
,"C:\\Users\\shreya\\kerdostat\\frontend\\src\\components\\AuthCard.jsx": {"path":"C:\\Users\\shreya\\kerdostat\\frontend\\src\\components\\AuthCard.jsx","statementMap":{"0":{"start":{"line":20,"column":8},"end":{"line":20,"column":null}},"1":{"start":{"line":21,"column":35},"end":{"line":21,"column":null}},"2":{"start":{"line":23,"column":23},"end":{"line":23,"column":null}},"3":{"start":{"line":24,"column":19},"end":{"line":24,"column":null}},"4":{"start":{"line":25,"column":23},"end":{"line":25,"column":null}},"5":{"start":{"line":32,"column":11},"end":{"line":33,"column":null}},"6":{"start":{"line":40,"column":11},"end":{"line":41,"column":null}},"7":{"start":{"line":44,"column":27},"end":{"line":44,"column":null}},"8":{"start":{"line":46,"column":2},"end":{"line":50,"column":null}},"9":{"start":{"line":47,"column":4},"end":{"line":49,"column":null}},"10":{"start":{"line":48,"column":6},"end":{"line":48,"column":null}},"11":{"start":{"line":52,"column":19},"end":{"line":62,"column":null}},"12":{"start":{"line":53,"column":4},"end":{"line":53,"column":null}},"13":{"start":{"line":54,"column":4},"end":{"line":54,"column":null}},"14":{"start":{"line":55,"column":4},"end":{"line":61,"column":null}},"15":{"start":{"line":56,"column":6},"end":{"line":56,"column":null}},"16":{"start":{"line":59,"column":6},"end":{"line":59,"column":null}},"17":{"start":{"line":60,"column":6},"end":{"line":60,"column":null}},"18":{"start":{"line":64,"column":19},"end":{"line":74,"column":null}},"19":{"start":{"line":65,"column":4},"end":{"line":65,"column":null}},"20":{"start":{"line":66,"column":4},"end":{"line":66,"column":null}},"21":{"start":{"line":67,"column":4},"end":{"line":73,"column":null}},"22":{"start":{"line":68,"column":6},"end":{"line":68,"column":null}},"23":{"start":{"line":71,"column":6},"end":{"line":71,"column":null}},"24":{"start":{"line":72,"column":6},"end":{"line":72,"column":null}},"25":{"start":{"line":76,"column":8},"end":{"line":80,"column":null}},"26":{"start":{"line":77,"column":4},"end":{"line":77,"column":null}},"27":{"start":{"line":78,"column":4},"end":{"line":78,"column":null}},"28":{"start":{"line":79,"column":4},"end":{"line":79,"column":null}},"29":{"start":{"line":82,"column":2},"end":{"line":357,"column":null}},"30":{"start":{"line":186,"column":37},"end":{"line":186,"column":null}},"31":{"start":{"line":204,"column":22},"end":{"line":204,"column":null}},"32":{"start":{"line":205,"column":22},"end":{"line":205,"column":null}},"33":{"start":{"line":328,"column":41},"end":{"line":328,"column":null}}},"fnMap":{"0":{"name":"AuthCard","decl":{"start":{"line":19,"column":16},"end":{"line":19,"column":27}},"loc":{"start":{"line":19,"column":27},"end":{"line":359,"column":null}},"line":19},"1":{"name":"(anonymous_1)","decl":{"start":{"line":46,"column":2},"end":{"line":46,"column":18}},"loc":{"start":{"line":46,"column":18},"end":{"line":50,"column":5}},"line":46},"2":{"name":"(anonymous_2)","decl":{"start":{"line":52,"column":19},"end":{"line":52,"column":26}},"loc":{"start":{"line":52,"column":35},"end":{"line":62,"column":null}},"line":52},"3":{"name":"(anonymous_3)","decl":{"start":{"line":64,"column":19},"end":{"line":64,"column":26}},"loc":{"start":{"line":64,"column":35},"end":{"line":74,"column":null}},"line":64},"4":{"name":"(anonymous_4)","decl":{"start":{"line":76,"column":8},"end":{"line":76,"column":36}},"loc":{"start":{"line":76,"column":36},"end":{"line":80,"column":null}},"line":76},"5":{"name":"(anonymous_5)","decl":{"start":{"line":186,"column":22},"end":{"line":186,"column":37}},"loc":{"start":{"line":186,"column":37},"end":{"line":186,"column":null}},"line":186},"6":{"name":"(anonymous_6)","decl":{"start":{"line":203,"column":20},"end":{"line":203,"column":30}},"loc":{"start":{"line":203,"column":36},"end":{"line":206,"column":null}},"line":203},"7":{"name":"(anonymous_7)","decl":{"start":{"line":328,"column":22},"end":{"line":328,"column":33}},"loc":{"start":{"line":328,"column":41},"end":{"line":328,"column":null}},"line":328}},"branchMap":{"0":{"loc":{"start":{"line":47,"column":4},"end":{"line":49,"column":null}},"type":"if","locations":[{"start":{"line":47,"column":4},"end":{"line":49,"column":null}},{"start":{},"end":{}}],"line":47},"1":{"loc":{"start":{"line":59,"column":18},"end":{"line":59,"column":75}},"type":"binary-expr","locations":[{"start":{"line":59,"column":18},"end":{"line":59,"column":33}},{"start":{"line":59,"column":33},"end":{"line":59,"column":75}}],"line":59},"2":{"loc":{"start":{"line":71,"column":18},"end":{"line":71,"column":78}},"type":"binary-expr","locations":[{"start":{"line":71,"column":18},"end":{"line":71,"column":33}},{"start":{"line":71,"column":33},"end":{"line":71,"column":78}}],"line":71},"3":{"loc":{"start":{"line":110,"column":11},"end":{"line":117,"column":11}},"type":"binary-expr","locations":[{"start":{"line":110,"column":11},"end":{"line":110,"column":null}},{"start":{"line":111,"column":12},"end":{"line":117,"column":11}}],"line":110},"4":{"loc":{"start":{"line":146,"column":22},"end":{"line":146,"column":null}},"type":"cond-expr","locations":[{"start":{"line":146,"column":43},"end":{"line":146,"column":100}},{"start":{"line":146,"column":100},"end":{"line":146,"column":null}}],"line":146},"5":{"loc":{"start":{"line":156,"column":19},"end":{"line":159,"column":null}},"type":"binary-expr","locations":[{"start":{"line":156,"column":19},"end":{"line":156,"column":null}},{"start":{"line":157,"column":20},"end":{"line":159,"column":null}}],"line":156},"6":{"loc":{"start":{"line":171,"column":28},"end":{"line":171,"column":null}},"type":"cond-expr","locations":[{"start":{"line":171,"column":43},"end":{"line":171,"column":52}},{"start":{"line":171,"column":52},"end":{"line":171,"column":null}}],"line":171},"7":{"loc":{"start":{"line":174,"column":24},"end":{"line":174,"column":null}},"type":"cond-expr","locations":[{"start":{"line":174,"column":48},"end":{"line":174,"column":105}},{"start":{"line":174,"column":105},"end":{"line":174,"column":null}}],"line":174},"8":{"loc":{"start":{"line":189,"column":23},"end":{"line":189,"column":null}},"type":"cond-expr","locations":[{"start":{"line":189,"column":38},"end":{"line":189,"column":72}},{"start":{"line":189,"column":71},"end":{"line":189,"column":null}}],"line":189},"9":{"loc":{"start":{"line":192,"column":19},"end":{"line":195,"column":null}},"type":"binary-expr","locations":[{"start":{"line":192,"column":19},"end":{"line":192,"column":null}},{"start":{"line":193,"column":20},"end":{"line":195,"column":null}}],"line":192},"10":{"loc":{"start":{"line":218,"column":19},"end":{"line":224,"column":null}},"type":"cond-expr","locations":[{"start":{"line":219,"column":20},"end":{"line":224,"column":21}},{"start":{"line":224,"column":20},"end":{"line":224,"column":null}}],"line":218},"11":{"loc":{"start":{"line":243,"column":22},"end":{"line":243,"column":null}},"type":"cond-expr","locations":[{"start":{"line":243,"column":42},"end":{"line":243,"column":99}},{"start":{"line":243,"column":99},"end":{"line":243,"column":null}}],"line":243},"12":{"loc":{"start":{"line":253,"column":19},"end":{"line":256,"column":null}},"type":"binary-expr","locations":[{"start":{"line":253,"column":19},"end":{"line":253,"column":null}},{"start":{"line":254,"column":20},"end":{"line":256,"column":null}}],"line":253},"13":{"loc":{"start":{"line":270,"column":22},"end":{"line":270,"column":null}},"type":"cond-expr","locations":[{"start":{"line":270,"column":43},"end":{"line":270,"column":100}},{"start":{"line":270,"column":100},"end":{"line":270,"column":null}}],"line":270},"14":{"loc":{"start":{"line":280,"column":19},"end":{"line":283,"column":null}},"type":"binary-expr","locations":[{"start":{"line":280,"column":19},"end":{"line":280,"column":null}},{"start":{"line":281,"column":20},"end":{"line":283,"column":null}}],"line":280},"15":{"loc":{"start":{"line":297,"column":22},"end":{"line":297,"column":null}},"type":"cond-expr","locations":[{"start":{"line":297,"column":46},"end":{"line":297,"column":103}},{"start":{"line":297,"column":103},"end":{"line":297,"column":null}}],"line":297},"16":{"loc":{"start":{"line":307,"column":19},"end":{"line":310,"column":null}},"type":"binary-expr","locations":[{"start":{"line":307,"column":19},"end":{"line":307,"column":null}},{"start":{"line":308,"column":20},"end":{"line":310,"column":null}}],"line":307},"17":{"loc":{"start":{"line":324,"column":22},"end":{"line":324,"column":null}},"type":"cond-expr","locations":[{"start":{"line":324,"column":53},"end":{"line":324,"column":110}},{"start":{"line":324,"column":110},"end":{"line":324,"column":null}}],"line":324},"18":{"loc":{"start":{"line":328,"column":41},"end":{"line":328,"column":null}},"type":"binary-expr","locations":[{"start":{"line":328,"column":41},"end":{"line":328,"column":69}},{"start":{"line":328,"column":69},"end":{"line":328,"column":null}}],"line":328},"19":{"loc":{"start":{"line":331,"column":19},"end":{"line":334,"column":null}},"type":"binary-expr","locations":[{"start":{"line":331,"column":19},"end":{"line":331,"column":null}},{"start":{"line":332,"column":20},"end":{"line":334,"column":null}}],"line":331},"20":{"loc":{"start":{"line":343,"column":19},"end":{"line":349,"column":null}},"type":"cond-expr","locations":[{"start":{"line":344,"column":20},"end":{"line":349,"column":21}},{"start":{"line":349,"column":20},"end":{"line":349,"column":null}}],"line":343}},"s":{"0":38,"1":38,"2":38,"3":38,"4":38,"5":38,"6":38,"7":38,"8":38,"9":13,"10":2,"11":38,"12":4,"13":4,"14":4,"15":4,"16":1,"17":1,"18":38,"19":2,"20":2,"21":2,"22":2,"23":1,"24":1,"25":38,"26":3,"27":3,"28":3,"29":38,"30":0,"31":0,"32":0,"33":3},"f":{"0":38,"1":13,"2":4,"3":2,"4":3,"5":0,"6":0,"7":3},"b":{"0":[2,11],"1":[1,0],"2":[1,0],"3":[38,2],"4":[2,36],"5":[38,2],"6":[0,38],"7":[2,36],"8":[0,38],"9":[38,2],"10":[4,34],"11":[0,38],"12":[38,0],"13":[0,38],"14":[38,0],"15":[0,38],"16":[38,0],"17":[1,37],"18":[3,1],"19":[38,1],"20":[4,34]},"meta":{"lastBranch":21,"lastFunction":8,"lastStatement":34,"seen":{"f:19:16:19:27":0,"s:20:8:20:Infinity":0,"s:21:35:21:Infinity":1,"s:23:23:23:Infinity":2,"s:24:19:24:Infinity":3,"s:25:23:25:Infinity":4,"s:32:11:33:Infinity":5,"s:40:11:41:Infinity":6,"s:44:27:44:Infinity":7,"s:46:2:50:Infinity":8,"f:46:2:46:18":1,"b:47:4:49:Infinity:undefined:undefined:undefined:undefined":0,"s:47:4:49:Infinity":9,"s:48:6:48:Infinity":10,"s:52:19:62:Infinity":11,"f:52:19:52:26":2,"s:53:4:53:Infinity":12,"s:54:4:54:Infinity":13,"s:55:4:61:Infinity":14,"s:56:6:56:Infinity":15,"s:59:6:59:Infinity":16,"b:59:18:59:33:59:33:59:75":1,"s:60:6:60:Infinity":17,"s:64:19:74:Infinity":18,"f:64:19:64:26":3,"s:65:4:65:Infinity":19,"s:66:4:66:Infinity":20,"s:67:4:73:Infinity":21,"s:68:6:68:Infinity":22,"s:71:6:71:Infinity":23,"b:71:18:71:33:71:33:71:78":2,"s:72:6:72:Infinity":24,"s:76:8:80:Infinity":25,"f:76:8:76:36":4,"s:77:4:77:Infinity":26,"s:78:4:78:Infinity":27,"s:79:4:79:Infinity":28,"s:82:2:357:Infinity":29,"b:110:11:110:Infinity:111:12:117:11":3,"b:146:43:146:100:146:100:146:Infinity":4,"b:156:19:156:Infinity:157:20:159:Infinity":5,"b:171:43:171:52:171:52:171:Infinity":6,"b:174:48:174:105:174:105:174:Infinity":7,"f:186:22:186:37":5,"s:186:37:186:Infinity":30,"b:189:38:189:72:189:71:189:Infinity":8,"b:192:19:192:Infinity:193:20:195:Infinity":9,"f:203:20:203:30":6,"s:204:22:204:Infinity":31,"s:205:22:205:Infinity":32,"b:219:20:224:21:224:20:224:Infinity":10,"b:243:42:243:99:243:99:243:Infinity":11,"b:253:19:253:Infinity:254:20:256:Infinity":12,"b:270:43:270:100:270:100:270:Infinity":13,"b:280:19:280:Infinity:281:20:283:Infinity":14,"b:297:46:297:103:297:103:297:Infinity":15,"b:307:19:307:Infinity:308:20:310:Infinity":16,"b:324:53:324:110:324:110:324:Infinity":17,"f:328:22:328:33":7,"s:328:41:328:Infinity":33,"b:328:41:328:69:328:69:328:Infinity":18,"b:331:19:331:Infinity:332:20:334:Infinity":19,"b:344:20:349:21:349:20:349:Infinity":20},"fnNames":{}}}
,"C:\\Users\\shreya\\kerdostat\\frontend\\src\\components\\DashboardLayout.jsx": {"path":"C:\\Users\\shreya\\kerdostat\\frontend\\src\\components\\DashboardLayout.jsx","statementMap":{"0":{"start":{"line":22,"column":17},"end":{"line":28,"column":null}},"1":{"start":{"line":31,"column":8},"end":{"line":31,"column":null}},"2":{"start":{"line":32,"column":17},"end":{"line":32,"column":null}},"3":{"start":{"line":33,"column":76},"end":{"line":33,"column":null}},"4":{"start":{"line":35,"column":8},"end":{"line":56,"column":null}},"5":{"start":{"line":36,"column":4},"end":{"line":39,"column":null}},"6":{"start":{"line":37,"column":22},"end":{"line":37,"column":null}},"7":{"start":{"line":38,"column":6},"end":{"line":38,"column":null}},"8":{"start":{"line":40,"column":4},"end":{"line":55,"column":null}},"9":{"start":{"line":42,"column":8},"end":{"line":42,"column":null}},"10":{"start":{"line":44,"column":8},"end":{"line":44,"column":null}},"11":{"start":{"line":46,"column":8},"end":{"line":46,"column":null}},"12":{"start":{"line":48,"column":8},"end":{"line":48,"column":null}},"13":{"start":{"line":50,"column":8},"end":{"line":50,"column":null}},"14":{"start":{"line":52,"column":8},"end":{"line":52,"column":null}},"15":{"start":{"line":54,"column":8},"end":{"line":54,"column":null}},"16":{"start":{"line":58,"column":23},"end":{"line":58,"column":null}},"17":{"start":{"line":60,"column":2},"end":{"line":227,"column":null}},"18":{"start":{"line":75,"column":25},"end":{"line":75,"column":null}},"19":{"start":{"line":76,"column":29},"end":{"line":76,"column":null}},"20":{"start":{"line":77,"column":12},"end":{"line":90,"column":null}},"21":{"start":{"line":182,"column":29},"end":{"line":182,"column":null}}},"fnMap":{"0":{"name":"DashboardLayout","decl":{"start":{"line":30,"column":24},"end":{"line":30,"column":40}},"loc":{"start":{"line":30,"column":54},"end":{"line":229,"column":null}},"line":30},"1":{"name":"(anonymous_1)","decl":{"start":{"line":35,"column":8},"end":{"line":35,"column":24}},"loc":{"start":{"line":35,"column":37},"end":{"line":56,"column":null}},"line":35},"2":{"name":"(anonymous_2)","decl":{"start":{"line":74,"column":20},"end":{"line":74,"column":25}},"loc":{"start":{"line":74,"column":34},"end":{"line":92,"column":11}},"line":74},"3":{"name":"(anonymous_3)","decl":{"start":{"line":182,"column":14},"end":{"line":182,"column":29}},"loc":{"start":{"line":182,"column":29},"end":{"line":182,"column":null}},"line":182}},"branchMap":{"0":{"loc":{"start":{"line":36,"column":4},"end":{"line":39,"column":null}},"type":"if","locations":[{"start":{"line":36,"column":4},"end":{"line":39,"column":null}},{"start":{},"end":{}}],"line":36},"1":{"loc":{"start":{"line":40,"column":4},"end":{"line":55,"column":null}},"type":"switch","locations":[{"start":{"line":41,"column":6},"end":{"line":42,"column":null}},{"start":{"line":43,"column":6},"end":{"line":44,"column":null}},{"start":{"line":45,"column":6},"end":{"line":46,"column":null}},{"start":{"line":47,"column":6},"end":{"line":48,"column":null}},{"start":{"line":49,"column":6},"end":{"line":50,"column":null}},{"start":{"line":51,"column":6},"end":{"line":52,"column":null}},{"start":{"line":53,"column":6},"end":{"line":54,"column":null}}],"line":40},"2":{"loc":{"start":{"line":66,"column":14},"end":{"line":66,"column":null}},"type":"cond-expr","locations":[{"start":{"line":66,"column":32},"end":{"line":66,"column":47}},{"start":{"line":66,"column":47},"end":{"line":66,"column":null}}],"line":66},"3":{"loc":{"start":{"line":82,"column":18},"end":{"line":84,"column":null}},"type":"cond-expr","locations":[{"start":{"line":83,"column":22},"end":{"line":83,"column":null}},{"start":{"line":84,"column":22},"end":{"line":84,"column":null}}],"line":82},"4":{"loc":{"start":{"line":118,"column":16},"end":{"line":120,"column":null}},"type":"cond-expr","locations":[{"start":{"line":119,"column":20},"end":{"line":119,"column":null}},{"start":{"line":120,"column":20},"end":{"line":120,"column":null}}],"line":118},"5":{"loc":{"start":{"line":123,"column":15},"end":{"line":132,"column":null}},"type":"cond-expr","locations":[{"start":{"line":124,"column":16},"end":{"line":129,"column":null}},{"start":{"line":129,"column":16},"end":{"line":132,"column":null}}],"line":123},"6":{"loc":{"start":{"line":137,"column":13},"end":{"line":150,"column":null}},"type":"cond-expr","locations":[{"start":{"line":138,"column":14},"end":{"line":145,"column":15}},{"start":{"line":145,"column":14},"end":{"line":150,"column":null}}],"line":137},"7":{"loc":{"start":{"line":170,"column":16},"end":{"line":172,"column":null}},"type":"cond-expr","locations":[{"start":{"line":171,"column":20},"end":{"line":171,"column":null}},{"start":{"line":172,"column":20},"end":{"line":172,"column":null}}],"line":170},"8":{"loc":{"start":{"line":182,"column":38},"end":{"line":182,"column":73}},"type":"cond-expr","locations":[{"start":{"line":182,"column":57},"end":{"line":182,"column":67}},{"start":{"line":182,"column":67},"end":{"line":182,"column":73}}],"line":182},"9":{"loc":{"start":{"line":186,"column":34},"end":{"line":186,"column":70}},"type":"cond-expr","locations":[{"start":{"line":186,"column":53},"end":{"line":186,"column":63}},{"start":{"line":186,"column":63},"end":{"line":186,"column":70}}],"line":186},"10":{"loc":{"start":{"line":188,"column":15},"end":{"line":191,"column":null}},"type":"cond-expr","locations":[{"start":{"line":189,"column":16},"end":{"line":191,"column":17}},{"start":{"line":191,"column":16},"end":{"line":191,"column":null}}],"line":188},"11":{"loc":{"start":{"line":196,"column":13},"end":{"line":217,"column":null}},"type":"cond-expr","locations":[{"start":{"line":197,"column":14},"end":{"line":211,"column":15}},{"start":{"line":211,"column":14},"end":{"line":217,"column":null}}],"line":196},"12":{"loc":{"start":{"line":224,"column":11},"end":{"line":224,"column":null}},"type":"binary-expr","locations":[{"start":{"line":224,"column":11},"end":{"line":224,"column":23}},{"start":{"line":224,"column":23},"end":{"line":224,"column":null}}],"line":224}},"s":{"0":2,"1":16,"2":16,"3":16,"4":16,"5":16,"6":0,"7":0,"8":16,"9":7,"10":3,"11":2,"12":0,"13":0,"14":0,"15":4,"16":16,"17":16,"18":80,"19":80,"20":80,"21":0},"f":{"0":16,"1":16,"2":80,"3":0},"b":{"0":[0,16],"1":[7,3,2,0,0,0,4],"2":[11,5],"3":[12,68],"4":[0,16],"5":[0,16],"6":[15,1],"7":[0,16],"8":[0,0],"9":[16,0],"10":[16,0],"11":[11,5],"12":[16,16]},"meta":{"lastBranch":13,"lastFunction":4,"lastStatement":22,"seen":{"s:22:17:28:Infinity":0,"f:30:24:30:40":0,"s:31:8:31:Infinity":1,"s:32:17:32:Infinity":2,"s:33:76:33:Infinity":3,"s:35:8:56:Infinity":4,"f:35:8:35:24":1,"b:36:4:39:Infinity:undefined:undefined:undefined:undefined":0,"s:36:4:39:Infinity":5,"s:37:22:37:Infinity":6,"s:38:6:38:Infinity":7,"b:41:6:42:Infinity:43:6:44:Infinity:45:6:46:Infinity:47:6:48:Infinity:49:6:50:Infinity:51:6:52:Infinity:53:6:54:Infinity":1,"s:40:4:55:Infinity":8,"s:42:8:42:Infinity":9,"s:44:8:44:Infinity":10,"s:46:8:46:Infinity":11,"s:48:8:48:Infinity":12,"s:50:8:50:Infinity":13,"s:52:8:52:Infinity":14,"s:54:8:54:Infinity":15,"s:58:23:58:Infinity":16,"s:60:2:227:Infinity":17,"b:66:32:66:47:66:47:66:Infinity":2,"f:74:20:74:25":2,"s:75:25:75:Infinity":18,"s:76:29:76:Infinity":19,"s:77:12:90:Infinity":20,"b:83:22:83:Infinity:84:22:84:Infinity":3,"b:119:20:119:Infinity:120:20:120:Infinity":4,"b:124:16:129:Infinity:129:16:132:Infinity":5,"b:138:14:145:15:145:14:150:Infinity":6,"b:171:20:171:Infinity:172:20:172:Infinity":7,"f:182:14:182:29":3,"s:182:29:182:Infinity":21,"b:182:57:182:67:182:67:182:73":8,"b:186:53:186:63:186:63:186:70":9,"b:189:16:191:17:191:16:191:Infinity":10,"b:197:14:211:15:211:14:217:Infinity":11,"b:224:11:224:23:224:23:224:Infinity":12},"fnNames":{}}}
,"C:\\Users\\shreya\\kerdostat\\frontend\\src\\components\\ErrorBoundary.jsx": {"path":"C:\\Users\\shreya\\kerdostat\\frontend\\src\\components\\ErrorBoundary.jsx","statementMap":{"0":{"start":{"line":19,"column":2},"end":{"line":22,"column":null}},"1":{"start":{"line":7,"column":4},"end":{"line":7,"column":null}},"2":{"start":{"line":8,"column":4},"end":{"line":8,"column":null}},"3":{"start":{"line":12,"column":4},"end":{"line":12,"column":null}},"4":{"start":{"line":16,"column":4},"end":{"line":16,"column":null}},"5":{"start":{"line":20,"column":4},"end":{"line":20,"column":null}},"6":{"start":{"line":21,"column":4},"end":{"line":21,"column":null}},"7":{"start":{"line":25,"column":4},"end":{"line":53,"column":null}},"8":{"start":{"line":26,"column":6},"end":{"line":51,"column":null}},"9":{"start":{"line":55,"column":4},"end":{"line":55,"column":null}}},"fnMap":{"0":{"name":"constructor","decl":{"start":{"line":6,"column":2},"end":{"line":6,"column":14}},"loc":{"start":{"line":6,"column":21},"end":{"line":9,"column":null}},"line":6},"1":{"name":"getDerivedStateFromError","decl":{"start":{"line":11,"column":9},"end":{"line":11,"column":34}},"loc":{"start":{"line":11,"column":41},"end":{"line":13,"column":null}},"line":11},"2":{"name":"componentDidCatch","decl":{"start":{"line":15,"column":2},"end":{"line":15,"column":20}},"loc":{"start":{"line":15,"column":38},"end":{"line":17,"column":null}},"line":15},"3":{"name":"(anonymous_3)","decl":{"start":{"line":19,"column":2},"end":{"line":19,"column":22}},"loc":{"start":{"line":19,"column":22},"end":{"line":22,"column":null}},"line":19},"4":{"name":"render","decl":{"start":{"line":24,"column":2},"end":{"line":24,"column":11}},"loc":{"start":{"line":24,"column":11},"end":{"line":56,"column":null}},"line":24}},"branchMap":{"0":{"loc":{"start":{"line":25,"column":4},"end":{"line":53,"column":null}},"type":"if","locations":[{"start":{"line":25,"column":4},"end":{"line":53,"column":null}},{"start":{},"end":{}}],"line":25},"1":{"loc":{"start":{"line":39,"column":11},"end":{"line":42,"column":null}},"type":"binary-expr","locations":[{"start":{"line":39,"column":11},"end":{"line":39,"column":null}},{"start":{"line":40,"column":12},"end":{"line":42,"column":null}}],"line":39}},"s":{"0":0,"1":2,"2":2,"3":0,"4":0,"5":0,"6":0,"7":2,"8":0,"9":2},"f":{"0":2,"1":2,"2":0,"3":0,"4":2},"b":{"0":[0,2],"1":[0,0]},"meta":{"lastBranch":2,"lastFunction":5,"lastStatement":10,"seen":{"s:19:2:22:Infinity":0,"f:6:2:6:14":0,"s:7:4:7:Infinity":1,"s:8:4:8:Infinity":2,"f:11:9:11:34":1,"s:12:4:12:Infinity":3,"f:15:2:15:20":2,"s:16:4:16:Infinity":4,"f:19:2:19:22":3,"s:20:4:20:Infinity":5,"s:21:4:21:Infinity":6,"f:24:2:24:11":4,"b:25:4:53:Infinity:undefined:undefined:undefined:undefined":0,"s:25:4:53:Infinity":7,"s:26:6:51:Infinity":8,"b:39:11:39:Infinity:40:12:42:Infinity":1,"s:55:4:55:Infinity":9},"fnNames":{}}}
,"C:\\Users\\shreya\\kerdostat\\frontend\\src\\components\\HijackPanel.jsx": {"path":"C:\\Users\\shreya\\kerdostat\\frontend\\src\\components\\HijackPanel.jsx","statementMap":{"0":{"start":{"line":10,"column":16},"end":{"line":10,"column":null}},"1":{"start":{"line":11,"column":18},"end":{"line":11,"column":null}},"2":{"start":{"line":14,"column":2},"end":{"line":19,"column":null}},"3":{"start":{"line":15,"column":4},"end":{"line":18,"column":null}},"4":{"start":{"line":16,"column":20},"end":{"line":16,"column":null}},"5":{"start":{"line":16,"column":37},"end":{"line":16,"column":53}},"6":{"start":{"line":17,"column":6},"end":{"line":17,"column":null}},"7":{"start":{"line":17,"column":19},"end":{"line":17,"column":null}},"8":{"start":{"line":22,"column":24},"end":{"line":28,"column":null}},"9":{"start":{"line":35,"column":25},"end":{"line":39,"column":null}},"10":{"start":{"line":42,"column":2},"end":{"line":44,"column":null}},"11":{"start":{"line":43,"column":4},"end":{"line":43,"column":null}},"12":{"start":{"line":46,"column":26},"end":{"line":46,"column":null}},"13":{"start":{"line":48,"column":19},"end":{"line":72,"column":null}},"14":{"start":{"line":49,"column":4},"end":{"line":49,"column":null}},"15":{"start":{"line":50,"column":4},"end":{"line":50,"column":null}},"16":{"start":{"line":52,"column":4},"end":{"line":71,"column":null}},"17":{"start":{"line":53,"column":22},"end":{"line":60,"column":null}},"18":{"start":{"line":62,"column":6},"end":{"line":62,"column":null}},"19":{"start":{"line":63,"column":6},"end":{"line":63,"column":null}},"20":{"start":{"line":64,"column":6},"end":{"line":66,"column":null}},"21":{"start":{"line":65,"column":8},"end":{"line":65,"column":null}},"22":{"start":{"line":68,"column":6},"end":{"line":68,"column":null}},"23":{"start":{"line":70,"column":6},"end":{"line":70,"column":null}},"24":{"start":{"line":74,"column":2},"end":{"line":232,"column":null}},"25":{"start":{"line":140,"column":35},"end":{"line":140,"column":null}},"26":{"start":{"line":162,"column":35},"end":{"line":162,"column":null}},"27":{"start":{"line":184,"column":35},"end":{"line":184,"column":null}},"28":{"start":{"line":185,"column":40},"end":{"line":185,"column":null}},"29":{"start":{"line":207,"column":35},"end":{"line":207,"column":null}}},"fnMap":{"0":{"name":"HijackPanel","decl":{"start":{"line":9,"column":24},"end":{"line":9,"column":36}},"loc":{"start":{"line":9,"column":61},"end":{"line":234,"column":null}},"line":9},"1":{"name":"(anonymous_1)","decl":{"start":{"line":14,"column":2},"end":{"line":14,"column":18}},"loc":{"start":{"line":14,"column":18},"end":{"line":19,"column":5}},"line":14},"2":{"name":"(anonymous_2)","decl":{"start":{"line":16,"column":20},"end":{"line":16,"column":37}},"loc":{"start":{"line":16,"column":37},"end":{"line":16,"column":53}},"line":16},"3":{"name":"(anonymous_3)","decl":{"start":{"line":17,"column":6},"end":{"line":17,"column":19}},"loc":{"start":{"line":17,"column":19},"end":{"line":17,"column":null}},"line":17},"4":{"name":"(anonymous_4)","decl":{"start":{"line":42,"column":2},"end":{"line":42,"column":18}},"loc":{"start":{"line":42,"column":18},"end":{"line":44,"column":5}},"line":42},"5":{"name":"(anonymous_5)","decl":{"start":{"line":48,"column":19},"end":{"line":48,"column":26}},"loc":{"start":{"line":48,"column":35},"end":{"line":72,"column":null}},"line":48},"6":{"name":"(anonymous_6)","decl":{"start":{"line":140,"column":18},"end":{"line":140,"column":29}},"loc":{"start":{"line":140,"column":35},"end":{"line":140,"column":null}},"line":140},"7":{"name":"(anonymous_7)","decl":{"start":{"line":162,"column":18},"end":{"line":162,"column":29}},"loc":{"start":{"line":162,"column":35},"end":{"line":162,"column":null}},"line":162},"8":{"name":"(anonymous_8)","decl":{"start":{"line":184,"column":18},"end":{"line":184,"column":29}},"loc":{"start":{"line":184,"column":35},"end":{"line":184,"column":null}},"line":184},"9":{"name":"(anonymous_9)","decl":{"start":{"line":185,"column":18},"end":{"line":185,"column":34}},"loc":{"start":{"line":185,"column":40},"end":{"line":185,"column":null}},"line":185},"10":{"name":"(anonymous_10)","decl":{"start":{"line":207,"column":18},"end":{"line":207,"column":29}},"loc":{"start":{"line":207,"column":35},"end":{"line":207,"column":null}},"line":207}},"branchMap":{"0":{"loc":{"start":{"line":15,"column":4},"end":{"line":18,"column":null}},"type":"if","locations":[{"start":{"line":15,"column":4},"end":{"line":18,"column":null}},{"start":{},"end":{}}],"line":15},"1":{"loc":{"start":{"line":23,"column":12},"end":{"line":23,"column":null}},"type":"binary-expr","locations":[{"start":{"line":23,"column":12},"end":{"line":23,"column":32}},{"start":{"line":23,"column":32},"end":{"line":23,"column":null}}],"line":23},"2":{"loc":{"start":{"line":24,"column":16},"end":{"line":24,"column":null}},"type":"binary-expr","locations":[{"start":{"line":24,"column":16},"end":{"line":24,"column":41}},{"start":{"line":24,"column":41},"end":{"line":24,"column":null}}],"line":24},"3":{"loc":{"start":{"line":25,"column":9},"end":{"line":25,"column":null}},"type":"binary-expr","locations":[{"start":{"line":25,"column":9},"end":{"line":25,"column":26}},{"start":{"line":25,"column":26},"end":{"line":25,"column":null}}],"line":25},"4":{"loc":{"start":{"line":26,"column":8},"end":{"line":26,"column":null}},"type":"binary-expr","locations":[{"start":{"line":26,"column":8},"end":{"line":26,"column":24}},{"start":{"line":26,"column":24},"end":{"line":26,"column":null}}],"line":26},"5":{"loc":{"start":{"line":27,"column":8},"end":{"line":27,"column":null}},"type":"binary-expr","locations":[{"start":{"line":27,"column":8},"end":{"line":27,"column":24}},{"start":{"line":27,"column":24},"end":{"line":27,"column":null}}],"line":27},"6":{"loc":{"start":{"line":59,"column":21},"end":{"line":59,"column":null}},"type":"binary-expr","locations":[{"start":{"line":59,"column":21},"end":{"line":59,"column":37}},{"start":{"line":59,"column":37},"end":{"line":59,"column":null}}],"line":59},"7":{"loc":{"start":{"line":62,"column":29},"end":{"line":62,"column":55}},"type":"binary-expr","locations":[{"start":{"line":62,"column":29},"end":{"line":62,"column":45}},{"start":{"line":62,"column":45},"end":{"line":62,"column":55}}],"line":62},"8":{"loc":{"start":{"line":64,"column":6},"end":{"line":66,"column":null}},"type":"if","locations":[{"start":{"line":64,"column":6},"end":{"line":66,"column":null}},{"start":{},"end":{}}],"line":64},"9":{"loc":{"start":{"line":68,"column":41},"end":{"line":68,"column":83}},"type":"binary-expr","locations":[{"start":{"line":68,"column":41},"end":{"line":68,"column":56}},{"start":{"line":68,"column":56},"end":{"line":68,"column":83}}],"line":68},"10":{"loc":{"start":{"line":87,"column":9},"end":{"line":107,"column":null}},"type":"binary-expr","locations":[{"start":{"line":87,"column":9},"end":{"line":87,"column":null}},{"start":{"line":88,"column":10},"end":{"line":107,"column":null}}],"line":87},"11":{"loc":{"start":{"line":89,"column":25},"end":{"line":89,"column":null}},"type":"cond-expr","locations":[{"start":{"line":89,"column":52},"end":{"line":89,"column":70}},{"start":{"line":89,"column":70},"end":{"line":89,"column":null}}],"line":89},"12":{"loc":{"start":{"line":91,"column":14},"end":{"line":93,"column":null}},"type":"cond-expr","locations":[{"start":{"line":92,"column":18},"end":{"line":92,"column":null}},{"start":{"line":93,"column":18},"end":{"line":93,"column":null}}],"line":91},"13":{"loc":{"start":{"line":96,"column":13},"end":{"line":101,"column":13}},"type":"cond-expr","locations":[{"start":{"line":97,"column":14},"end":{"line":99,"column":15}},{"start":{"line":99,"column":14},"end":{"line":101,"column":13}}],"line":96},"14":{"loc":{"start":{"line":103,"column":17},"end":{"line":103,"column":null}},"type":"cond-expr","locations":[{"start":{"line":103,"column":44},"end":{"line":103,"column":69}},{"start":{"line":103,"column":69},"end":{"line":103,"column":null}}],"line":103},"15":{"loc":{"start":{"line":122,"column":13},"end":{"line":123,"column":null}},"type":"binary-expr","locations":[{"start":{"line":122,"column":13},"end":{"line":122,"column":null}},{"start":{"line":123,"column":14},"end":{"line":123,"column":null}}],"line":122},"16":{"loc":{"start":{"line":140,"column":35},"end":{"line":140,"column":null}},"type":"binary-expr","locations":[{"start":{"line":140,"column":35},"end":{"line":140,"column":56}},{"start":{"line":140,"column":56},"end":{"line":140,"column":null}}],"line":140},"17":{"loc":{"start":{"line":144,"column":13},"end":{"line":145,"column":null}},"type":"binary-expr","locations":[{"start":{"line":144,"column":13},"end":{"line":144,"column":null}},{"start":{"line":145,"column":14},"end":{"line":145,"column":null}}],"line":144},"18":{"loc":{"start":{"line":162,"column":35},"end":{"line":162,"column":null}},"type":"binary-expr","locations":[{"start":{"line":162,"column":35},"end":{"line":162,"column":58}},{"start":{"line":162,"column":58},"end":{"line":162,"column":null}}],"line":162},"19":{"loc":{"start":{"line":166,"column":13},"end":{"line":167,"column":null}},"type":"binary-expr","locations":[{"start":{"line":166,"column":13},"end":{"line":166,"column":null}},{"start":{"line":167,"column":14},"end":{"line":167,"column":null}}],"line":166},"20":{"loc":{"start":{"line":184,"column":35},"end":{"line":184,"column":null}},"type":"binary-expr","locations":[{"start":{"line":184,"column":35},"end":{"line":184,"column":56}},{"start":{"line":184,"column":56},"end":{"line":184,"column":null}}],"line":184},"21":{"loc":{"start":{"line":185,"column":40},"end":{"line":185,"column":null}},"type":"binary-expr","locations":[{"start":{"line":185,"column":40},"end":{"line":185,"column":87}},{"start":{"line":185,"column":87},"end":{"line":185,"column":null}}],"line":185},"22":{"loc":{"start":{"line":189,"column":13},"end":{"line":190,"column":null}},"type":"binary-expr","locations":[{"start":{"line":189,"column":13},"end":{"line":189,"column":null}},{"start":{"line":190,"column":14},"end":{"line":190,"column":null}}],"line":189},"23":{"loc":{"start":{"line":207,"column":35},"end":{"line":207,"column":null}},"type":"binary-expr","locations":[{"start":{"line":207,"column":35},"end":{"line":207,"column":56}},{"start":{"line":207,"column":56},"end":{"line":207,"column":null}}],"line":207},"24":{"loc":{"start":{"line":211,"column":13},"end":{"line":212,"column":null}},"type":"binary-expr","locations":[{"start":{"line":211,"column":13},"end":{"line":211,"column":null}},{"start":{"line":212,"column":14},"end":{"line":212,"column":null}}],"line":211},"25":{"loc":{"start":{"line":219,"column":20},"end":{"line":219,"column":null}},"type":"binary-expr","locations":[{"start":{"line":219,"column":20},"end":{"line":219,"column":32}},{"start":{"line":219,"column":32},"end":{"line":219,"column":null}}],"line":219},"26":{"loc":{"start":{"line":222,"column":11},"end":{"line":228,"column":null}},"type":"cond-expr","locations":[{"start":{"line":223,"column":12},"end":{"line":228,"column":13}},{"start":{"line":228,"column":12},"end":{"line":228,"column":null}}],"line":222}},"s":{"0":36,"1":36,"2":36,"3":6,"4":2,"5":0,"6":2,"7":2,"8":36,"9":36,"10":36,"11":4,"12":36,"13":36,"14":2,"15":2,"16":2,"17":2,"18":2,"19":2,"20":2,"21":2,"22":0,"23":2,"24":36,"25":28,"26":24,"27":36,"28":36,"29":20},"f":{"0":36,"1":6,"2":0,"3":2,"4":4,"5":2,"6":28,"7":24,"8":36,"9":36,"10":20},"b":{"0":[2,4],"1":[36,24],"2":[36,12],"3":[36,24],"4":[36,12],"5":[36,24],"6":[2,1],"7":[2,1],"8":[2,0],"9":[0,0],"10":[36,2],"11":[2,0],"12":[2,0],"13":[2,0],"14":[2,0],"15":[36,0],"16":[28,0],"17":[36,4],"18":[24,0],"19":[36,0],"20":[36,0],"21":[36,8],"22":[36,18],"23":[20,0],"24":[36,0],"25":[36,10],"26":[0,36]},"meta":{"lastBranch":27,"lastFunction":11,"lastStatement":30,"seen":{"f:9:24:9:36":0,"s:10:16:10:Infinity":0,"s:11:18:11:Infinity":1,"s:14:2:19:Infinity":2,"f:14:2:14:18":1,"b:15:4:18:Infinity:undefined:undefined:undefined:undefined":0,"s:15:4:18:Infinity":3,"s:16:20:16:Infinity":4,"f:16:20:16:37":2,"s:16:37:16:53":5,"s:17:6:17:Infinity":6,"f:17:6:17:19":3,"s:17:19:17:Infinity":7,"s:22:24:28:Infinity":8,"b:23:12:23:32:23:32:23:Infinity":1,"b:24:16:24:41:24:41:24:Infinity":2,"b:25:9:25:26:25:26:25:Infinity":3,"b:26:8:26:24:26:24:26:Infinity":4,"b:27:8:27:24:27:24:27:Infinity":5,"s:35:25:39:Infinity":9,"s:42:2:44:Infinity":10,"f:42:2:42:18":4,"s:43:4:43:Infinity":11,"s:46:26:46:Infinity":12,"s:48:19:72:Infinity":13,"f:48:19:48:26":5,"s:49:4:49:Infinity":14,"s:50:4:50:Infinity":15,"s:52:4:71:Infinity":16,"s:53:22:60:Infinity":17,"b:59:21:59:37:59:37:59:Infinity":6,"s:62:6:62:Infinity":18,"b:62:29:62:45:62:45:62:55":7,"s:63:6:63:Infinity":19,"b:64:6:66:Infinity:undefined:undefined:undefined:undefined":8,"s:64:6:66:Infinity":20,"s:65:8:65:Infinity":21,"s:68:6:68:Infinity":22,"b:68:41:68:56:68:56:68:83":9,"s:70:6:70:Infinity":23,"s:74:2:232:Infinity":24,"b:87:9:87:Infinity:88:10:107:Infinity":10,"b:89:52:89:70:89:70:89:Infinity":11,"b:92:18:92:Infinity:93:18:93:Infinity":12,"b:97:14:99:15:99:14:101:13":13,"b:103:44:103:69:103:69:103:Infinity":14,"b:122:13:122:Infinity:123:14:123:Infinity":15,"f:140:18:140:29":6,"s:140:35:140:Infinity":25,"b:140:35:140:56:140:56:140:Infinity":16,"b:144:13:144:Infinity:145:14:145:Infinity":17,"f:162:18:162:29":7,"s:162:35:162:Infinity":26,"b:162:35:162:58:162:58:162:Infinity":18,"b:166:13:166:Infinity:167:14:167:Infinity":19,"f:184:18:184:29":8,"s:184:35:184:Infinity":27,"b:184:35:184:56:184:56:184:Infinity":20,"f:185:18:185:34":9,"s:185:40:185:Infinity":28,"b:185:40:185:87:185:87:185:Infinity":21,"b:189:13:189:Infinity:190:14:190:Infinity":22,"f:207:18:207:29":10,"s:207:35:207:Infinity":29,"b:207:35:207:56:207:56:207:Infinity":23,"b:211:13:211:Infinity:212:14:212:Infinity":24,"b:219:20:219:32:219:32:219:Infinity":25,"b:223:12:228:13:228:12:228:Infinity":26},"fnNames":{}}}
,"C:\\Users\\shreya\\kerdostat\\frontend\\src\\components\\PnLCard.jsx": {"path":"C:\\Users\\shreya\\kerdostat\\frontend\\src\\components\\PnLCard.jsx","statementMap":{"0":{"start":{"line":5,"column":21},"end":{"line":5,"column":null}},"1":{"start":{"line":6,"column":2},"end":{"line":53,"column":null}}},"fnMap":{"0":{"name":"PnLCard","decl":{"start":{"line":4,"column":24},"end":{"line":4,"column":32}},"loc":{"start":{"line":4,"column":83},"end":{"line":55,"column":null}},"line":4}},"branchMap":{"0":{"loc":{"start":{"line":4,"column":34},"end":{"line":4,"column":48}},"type":"default-arg","locations":[{"start":{"line":4,"column":45},"end":{"line":4,"column":48}}],"line":4},"1":{"loc":{"start":{"line":4,"column":48},"end":{"line":4,"column":64}},"type":"default-arg","locations":[{"start":{"line":4,"column":58},"end":{"line":4,"column":64}}],"line":4},"2":{"loc":{"start":{"line":4,"column":64},"end":{"line":4,"column":83}},"type":"default-arg","locations":[{"start":{"line":4,"column":77},"end":{"line":4,"column":83}}],"line":4},"3":{"loc":{"start":{"line":11,"column":10},"end":{"line":13,"column":null}},"type":"cond-expr","locations":[{"start":{"line":12,"column":14},"end":{"line":12,"column":null}},{"start":{"line":13,"column":14},"end":{"line":13,"column":null}}],"line":11},"4":{"loc":{"start":{"line":15,"column":11},"end":{"line":15,"column":null}},"type":"cond-expr","locations":[{"start":{"line":15,"column":24},"end":{"line":15,"column":62}},{"start":{"line":15,"column":61},"end":{"line":15,"column":null}}],"line":15},"5":{"loc":{"start":{"line":22,"column":75},"end":{"line":22,"column":null}},"type":"cond-expr","locations":[{"start":{"line":22,"column":88},"end":{"line":22,"column":109}},{"start":{"line":22,"column":109},"end":{"line":22,"column":null}}],"line":22},"6":{"loc":{"start":{"line":25,"column":13},"end":{"line":25,"column":36}},"type":"cond-expr","locations":[{"start":{"line":25,"column":26},"end":{"line":25,"column":32}},{"start":{"line":25,"column":32},"end":{"line":25,"column":36}}],"line":25},"7":{"loc":{"start":{"line":38,"column":15},"end":{"line":38,"column":null}},"type":"cond-expr","locations":[{"start":{"line":38,"column":45},"end":{"line":38,"column":72}},{"start":{"line":38,"column":72},"end":{"line":38,"column":null}}],"line":38}},"s":{"0":6,"1":6},"f":{"0":6},"b":{"0":[6],"1":[6],"2":[6],"3":[2,4],"4":[2,4],"5":[2,4],"6":[2,4],"7":[6,0]},"meta":{"lastBranch":8,"lastFunction":1,"lastStatement":2,"seen":{"f:4:24:4:32":0,"b:4:45:4:48":0,"b:4:58:4:64":1,"b:4:77:4:83":2,"s:5:21:5:Infinity":0,"s:6:2:53:Infinity":1,"b:12:14:12:Infinity:13:14:13:Infinity":3,"b:15:24:15:62:15:61:15:Infinity":4,"b:22:88:22:109:22:109:22:Infinity":5,"b:25:26:25:32:25:32:25:36":6,"b:38:45:38:72:38:72:38:Infinity":7},"fnNames":{}}}
,"C:\\Users\\shreya\\kerdostat\\frontend\\src\\components\\PriceChart.jsx": {"path":"C:\\Users\\shreya\\kerdostat\\frontend\\src\\components\\PriceChart.jsx","statementMap":{"0":{"start":{"line":17,"column":16},"end":{"line":17,"column":null}},"1":{"start":{"line":18,"column":15},"end":{"line":18,"column":null}},"2":{"start":{"line":19,"column":18},"end":{"line":19,"column":null}},"3":{"start":{"line":20,"column":16},"end":{"line":20,"column":null}},"4":{"start":{"line":22,"column":2},"end":{"line":53,"column":null}},"5":{"start":{"line":23,"column":17},"end":{"line":23,"column":null}},"6":{"start":{"line":26,"column":6},"end":{"line":38,"column":null}},"7":{"start":{"line":27,"column":28},"end":{"line":27,"column":null}},"8":{"start":{"line":28,"column":8},"end":{"line":32,"column":null}},"9":{"start":{"line":29,"column":10},"end":{"line":29,"column":null}},"10":{"start":{"line":30,"column":10},"end":{"line":30,"column":null}},"11":{"start":{"line":31,"column":10},"end":{"line":31,"column":null}},"12":{"start":{"line":34,"column":8},"end":{"line":37,"column":null}},"13":{"start":{"line":35,"column":10},"end":{"line":35,"column":null}},"14":{"start":{"line":36,"column":10},"end":{"line":36,"column":null}},"15":{"start":{"line":41,"column":4},"end":{"line":41,"column":null}},"16":{"start":{"line":42,"column":4},"end":{"line":42,"column":null}},"17":{"start":{"line":45,"column":21},"end":{"line":47,"column":null}},"18":{"start":{"line":46,"column":6},"end":{"line":46,"column":null}},"19":{"start":{"line":49,"column":4},"end":{"line":52,"column":null}},"20":{"start":{"line":50,"column":6},"end":{"line":50,"column":null}},"21":{"start":{"line":51,"column":6},"end":{"line":51,"column":null}},"22":{"start":{"line":55,"column":2},"end":{"line":64,"column":null}},"23":{"start":{"line":56,"column":4},"end":{"line":62,"column":null}},"24":{"start":{"line":66,"column":2},"end":{"line":72,"column":null}},"25":{"start":{"line":67,"column":4},"end":{"line":70,"column":null}},"26":{"start":{"line":75,"column":20},"end":{"line":80,"column":null}},"27":{"start":{"line":75,"column":40},"end":{"line":80,"column":4}},"28":{"start":{"line":83,"column":22},"end":{"line":83,"column":null}},"29":{"start":{"line":83,"column":42},"end":{"line":83,"column":57}},"30":{"start":{"line":84,"column":19},"end":{"line":84,"column":null}},"31":{"start":{"line":85,"column":19},"end":{"line":85,"column":null}},"32":{"start":{"line":87,"column":8},"end":{"line":114,"column":null}},"33":{"start":{"line":88,"column":4},"end":{"line":112,"column":null}},"34":{"start":{"line":89,"column":16},"end":{"line":89,"column":null}},"35":{"start":{"line":90,"column":19},"end":{"line":90,"column":null}},"36":{"start":{"line":91,"column":6},"end":{"line":110,"column":null}},"37":{"start":{"line":113,"column":4},"end":{"line":113,"column":null}},"38":{"start":{"line":116,"column":2},"end":{"line":210,"column":null}},"39":{"start":{"line":123,"column":12},"end":{"line":135,"column":null}},"40":{"start":{"line":125,"column":29},"end":{"line":125,"column":null}},"41":{"start":{"line":151,"column":36},"end":{"line":151,"column":null}},"42":{"start":{"line":158,"column":16},"end":{"line":161,"column":null}},"43":{"start":{"line":168,"column":16},"end":{"line":171,"column":null}}},"fnMap":{"0":{"name":"PriceChart","decl":{"start":{"line":16,"column":24},"end":{"line":16,"column":37}},"loc":{"start":{"line":16,"column":37},"end":{"line":212,"column":null}},"line":16},"1":{"name":"(anonymous_1)","decl":{"start":{"line":22,"column":2},"end":{"line":22,"column":18}},"loc":{"start":{"line":22,"column":18},"end":{"line":53,"column":5}},"line":22},"2":{"name":"loadData","decl":{"start":{"line":25,"column":19},"end":{"line":25,"column":30}},"loc":{"start":{"line":25,"column":30},"end":{"line":39,"column":null}},"line":25},"3":{"name":"(anonymous_3)","decl":{"start":{"line":45,"column":21},"end":{"line":45,"column":39}},"loc":{"start":{"line":45,"column":39},"end":{"line":47,"column":7}},"line":45},"4":{"name":"(anonymous_4)","decl":{"start":{"line":49,"column":4},"end":{"line":49,"column":17}},"loc":{"start":{"line":49,"column":17},"end":{"line":52,"column":null}},"line":49},"5":{"name":"(anonymous_5)","decl":{"start":{"line":75,"column":25},"end":{"line":75,"column":30}},"loc":{"start":{"line":75,"column":40},"end":{"line":80,"column":4}},"line":75},"6":{"name":"(anonymous_6)","decl":{"start":{"line":83,"column":27},"end":{"line":83,"column":36}},"loc":{"start":{"line":83,"column":42},"end":{"line":83,"column":57}},"line":83},"7":{"name":"(anonymous_7)","decl":{"start":{"line":87,"column":8},"end":{"line":87,"column":25}},"loc":{"start":{"line":87,"column":49},"end":{"line":114,"column":null}},"line":87},"8":{"name":"(anonymous_8)","decl":{"start":{"line":122,"column":30},"end":{"line":122,"column":35}},"loc":{"start":{"line":123,"column":12},"end":{"line":135,"column":null}},"line":123},"9":{"name":"(anonymous_9)","decl":{"start":{"line":125,"column":14},"end":{"line":125,"column":29}},"loc":{"start":{"line":125,"column":29},"end":{"line":125,"column":null}},"line":125},"10":{"name":"(anonymous_10)","decl":{"start":{"line":151,"column":14},"end":{"line":151,"column":30}},"loc":{"start":{"line":151,"column":36},"end":{"line":151,"column":null}},"line":151},"11":{"name":"(anonymous_11)","decl":{"start":{"line":157,"column":25},"end":{"line":157,"column":30}},"loc":{"start":{"line":158,"column":16},"end":{"line":161,"column":null}},"line":158},"12":{"name":"(anonymous_12)","decl":{"start":{"line":167,"column":25},"end":{"line":167,"column":30}},"loc":{"start":{"line":168,"column":16},"end":{"line":171,"column":null}},"line":168}},"branchMap":{"0":{"loc":{"start":{"line":28,"column":8},"end":{"line":32,"column":null}},"type":"if","locations":[{"start":{"line":28,"column":8},"end":{"line":32,"column":null}},{"start":{},"end":{}}],"line":28},"1":{"loc":{"start":{"line":34,"column":8},"end":{"line":37,"column":null}},"type":"if","locations":[{"start":{"line":34,"column":8},"end":{"line":37,"column":null}},{"start":{},"end":{}}],"line":34},"2":{"loc":{"start":{"line":55,"column":2},"end":{"line":64,"column":null}},"type":"if","locations":[{"start":{"line":55,"column":2},"end":{"line":64,"column":null}},{"start":{},"end":{}}],"line":55},"3":{"loc":{"start":{"line":55,"column":6},"end":{"line":55,"column":36}},"type":"binary-expr","locations":[{"start":{"line":55,"column":6},"end":{"line":55,"column":17}},{"start":{"line":55,"column":17},"end":{"line":55,"column":36}}],"line":55},"4":{"loc":{"start":{"line":66,"column":2},"end":{"line":72,"column":null}},"type":"if","locations":[{"start":{"line":66,"column":2},"end":{"line":72,"column":null}},{"start":{},"end":{}}],"line":66},"5":{"loc":{"start":{"line":66,"column":6},"end":{"line":66,"column":34}},"type":"binary-expr","locations":[{"start":{"line":66,"column":6},"end":{"line":66,"column":15}},{"start":{"line":66,"column":15},"end":{"line":66,"column":34}}],"line":66},"6":{"loc":{"start":{"line":84,"column":19},"end":{"line":84,"column":null}},"type":"cond-expr","locations":[{"start":{"line":84,"column":40},"end":{"line":84,"column":73}},{"start":{"line":84,"column":73},"end":{"line":84,"column":null}}],"line":84},"7":{"loc":{"start":{"line":85,"column":19},"end":{"line":85,"column":null}},"type":"cond-expr","locations":[{"start":{"line":85,"column":40},"end":{"line":85,"column":73}},{"start":{"line":85,"column":73},"end":{"line":85,"column":null}}],"line":85},"8":{"loc":{"start":{"line":88,"column":4},"end":{"line":112,"column":null}},"type":"if","locations":[{"start":{"line":88,"column":4},"end":{"line":112,"column":null}},{"start":{},"end":{}}],"line":88},"9":{"loc":{"start":{"line":88,"column":8},"end":{"line":88,"column":45}},"type":"binary-expr","locations":[{"start":{"line":88,"column":8},"end":{"line":88,"column":18}},{"start":{"line":88,"column":18},"end":{"line":88,"column":29}},{"start":{"line":88,"column":29},"end":{"line":88,"column":45}}],"line":88},"10":{"loc":{"start":{"line":100,"column":57},"end":{"line":100,"column":104}},"type":"cond-expr","locations":[{"start":{"line":100,"column":64},"end":{"line":100,"column":85}},{"start":{"line":100,"column":85},"end":{"line":100,"column":104}}],"line":100},"11":{"loc":{"start":{"line":108,"column":69},"end":{"line":108,"column":105}},"type":"cond-expr","locations":[{"start":{"line":108,"column":77},"end":{"line":108,"column":96}},{"start":{"line":108,"column":96},"end":{"line":108,"column":105}}],"line":108},"12":{"loc":{"start":{"line":128,"column":16},"end":{"line":130,"column":null}},"type":"cond-expr","locations":[{"start":{"line":129,"column":20},"end":{"line":129,"column":null}},{"start":{"line":130,"column":20},"end":{"line":130,"column":null}}],"line":128},"13":{"loc":{"start":{"line":160,"column":24},"end":{"line":160,"column":null}},"type":"cond-expr","locations":[{"start":{"line":160,"column":37},"end":{"line":160,"column":65}},{"start":{"line":160,"column":65},"end":{"line":160,"column":null}}],"line":160},"14":{"loc":{"start":{"line":170,"column":24},"end":{"line":170,"column":null}},"type":"cond-expr","locations":[{"start":{"line":170,"column":37},"end":{"line":170,"column":61}},{"start":{"line":170,"column":61},"end":{"line":170,"column":null}}],"line":170}},"s":{"0":10,"1":10,"2":10,"3":10,"4":10,"5":4,"6":4,"7":4,"8":4,"9":4,"10":4,"11":4,"12":0,"13":0,"14":0,"15":4,"16":4,"17":4,"18":0,"19":4,"20":4,"21":4,"22":10,"23":2,"24":8,"25":0,"26":8,"27":240,"28":8,"29":240,"30":8,"31":10,"32":10,"33":0,"34":0,"35":0,"36":0,"37":0,"38":10,"39":24,"40":2,"41":0,"42":240,"43":240},"f":{"0":10,"1":4,"2":4,"3":0,"4":4,"5":240,"6":240,"7":0,"8":24,"9":2,"10":0,"11":240,"12":240},"b":{"0":[4,0],"1":[0,0],"2":[2,8],"3":[10,4],"4":[0,8],"5":[8,0],"6":[8,0],"7":[8,0],"8":[0,0],"9":[0,0,0],"10":[0,0],"11":[0,0],"12":[8,16],"13":[240,0],"14":[240,0]},"meta":{"lastBranch":15,"lastFunction":13,"lastStatement":44,"seen":{"f:16:24:16:37":0,"s:17:16:17:Infinity":0,"s:18:15:18:Infinity":1,"s:19:18:19:Infinity":2,"s:20:16:20:Infinity":3,"s:22:2:53:Infinity":4,"f:22:2:22:18":1,"s:23:17:23:Infinity":5,"f:25:19:25:30":2,"s:26:6:38:Infinity":6,"s:27:28:27:Infinity":7,"b:28:8:32:Infinity:undefined:undefined:undefined:undefined":0,"s:28:8:32:Infinity":8,"s:29:10:29:Infinity":9,"s:30:10:30:Infinity":10,"s:31:10:31:Infinity":11,"b:34:8:37:Infinity:undefined:undefined:undefined:undefined":1,"s:34:8:37:Infinity":12,"s:35:10:35:Infinity":13,"s:36:10:36:Infinity":14,"s:41:4:41:Infinity":15,"s:42:4:42:Infinity":16,"s:45:21:47:Infinity":17,"f:45:21:45:39":3,"s:46:6:46:Infinity":18,"s:49:4:52:Infinity":19,"f:49:4:49:17":4,"s:50:6:50:Infinity":20,"s:51:6:51:Infinity":21,"b:55:2:64:Infinity:undefined:undefined:undefined:undefined":2,"s:55:2:64:Infinity":22,"b:55:6:55:17:55:17:55:36":3,"s:56:4:62:Infinity":23,"b:66:2:72:Infinity:undefined:undefined:undefined:undefined":4,"s:66:2:72:Infinity":24,"b:66:6:66:15:66:15:66:34":5,"s:67:4:70:Infinity":25,"s:75:20:80:Infinity":26,"f:75:25:75:30":5,"s:75:40:80:4":27,"s:83:22:83:Infinity":28,"f:83:27:83:36":6,"s:83:42:83:57":29,"s:84:19:84:Infinity":30,"b:84:40:84:73:84:73:84:Infinity":6,"s:85:19:85:Infinity":31,"b:85:40:85:73:85:73:85:Infinity":7,"s:87:8:114:Infinity":32,"f:87:8:87:25":7,"b:88:4:112:Infinity:undefined:undefined:undefined:undefined":8,"s:88:4:112:Infinity":33,"b:88:8:88:18:88:18:88:29:88:29:88:45":9,"s:89:16:89:Infinity":34,"s:90:19:90:Infinity":35,"s:91:6:110:Infinity":36,"b:100:64:100:85:100:85:100:104":10,"b:108:77:108:96:108:96:108:105":11,"s:113:4:113:Infinity":37,"s:116:2:210:Infinity":38,"f:122:30:122:35":8,"s:123:12:135:Infinity":39,"f:125:14:125:29":9,"s:125:29:125:Infinity":40,"b:129:20:129:Infinity:130:20:130:Infinity":12,"f:151:14:151:30":10,"s:151:36:151:Infinity":41,"f:157:25:157:30":11,"s:158:16:161:Infinity":42,"b:160:37:160:65:160:65:160:Infinity":13,"f:167:25:167:30":12,"s:168:16:171:Infinity":43,"b:170:37:170:61:170:61:170:Infinity":14},"fnNames":{}}}
,"C:\\Users\\shreya\\kerdostat\\frontend\\src\\components\\ProposalCard.jsx": {"path":"C:\\Users\\shreya\\kerdostat\\frontend\\src\\components\\ProposalCard.jsx","statementMap":{"0":{"start":{"line":28,"column":8},"end":{"line":28,"column":null}},"1":{"start":{"line":29,"column":10},"end":{"line":29,"column":null}},"2":{"start":{"line":30,"column":22},"end":{"line":30,"column":null}},"3":{"start":{"line":31,"column":22},"end":{"line":31,"column":null}},"4":{"start":{"line":32,"column":17},"end":{"line":32,"column":null}},"5":{"start":{"line":33,"column":23},"end":{"line":33,"column":null}},"6":{"start":{"line":35,"column":20},"end":{"line":35,"column":null}},"7":{"start":{"line":36,"column":19},"end":{"line":36,"column":null}},"8":{"start":{"line":38,"column":24},"end":{"line":52,"column":null}},"9":{"start":{"line":39,"column":4},"end":{"line":39,"column":null}},"10":{"start":{"line":40,"column":4},"end":{"line":51,"column":null}},"11":{"start":{"line":41,"column":6},"end":{"line":46,"column":null}},"12":{"start":{"line":42,"column":8},"end":{"line":42,"column":null}},"13":{"start":{"line":44,"column":8},"end":{"line":44,"column":null}},"14":{"start":{"line":44,"column":39},"end":{"line":44,"column":63}},"15":{"start":{"line":45,"column":8},"end":{"line":45,"column":null}},"16":{"start":{"line":48,"column":6},"end":{"line":48,"column":null}},"17":{"start":{"line":50,"column":6},"end":{"line":50,"column":null}},"18":{"start":{"line":54,"column":23},"end":{"line":68,"column":null}},"19":{"start":{"line":55,"column":4},"end":{"line":55,"column":null}},"20":{"start":{"line":56,"column":4},"end":{"line":67,"column":null}},"21":{"start":{"line":57,"column":6},"end":{"line":62,"column":null}},"22":{"start":{"line":58,"column":8},"end":{"line":58,"column":null}},"23":{"start":{"line":60,"column":8},"end":{"line":60,"column":null}},"24":{"start":{"line":60,"column":39},"end":{"line":60,"column":63}},"25":{"start":{"line":61,"column":8},"end":{"line":61,"column":null}},"26":{"start":{"line":64,"column":6},"end":{"line":64,"column":null}},"27":{"start":{"line":66,"column":6},"end":{"line":66,"column":null}},"28":{"start":{"line":70,"column":16},"end":{"line":70,"column":null}},"29":{"start":{"line":72,"column":2},"end":{"line":279,"column":null}},"30":{"start":{"line":195,"column":36},"end":{"line":195,"column":null}},"31":{"start":{"line":196,"column":16},"end":{"line":207,"column":null}},"32":{"start":{"line":237,"column":38},"end":{"line":237,"column":null}},"33":{"start":{"line":238,"column":18},"end":{"line":249,"column":null}}},"fnMap":{"0":{"name":"ProposalCard","decl":{"start":{"line":17,"column":24},"end":{"line":17,"column":37}},"loc":{"start":{"line":27,"column":3},"end":{"line":281,"column":null}},"line":27},"1":{"name":"(anonymous_1)","decl":{"start":{"line":38,"column":24},"end":{"line":38,"column":36}},"loc":{"start":{"line":38,"column":36},"end":{"line":52,"column":null}},"line":38},"2":{"name":"(anonymous_2)","decl":{"start":{"line":44,"column":18},"end":{"line":44,"column":27}},"loc":{"start":{"line":44,"column":39},"end":{"line":44,"column":63}},"line":44},"3":{"name":"(anonymous_3)","decl":{"start":{"line":54,"column":23},"end":{"line":54,"column":35}},"loc":{"start":{"line":54,"column":35},"end":{"line":68,"column":null}},"line":54},"4":{"name":"(anonymous_4)","decl":{"start":{"line":60,"column":18},"end":{"line":60,"column":27}},"loc":{"start":{"line":60,"column":39},"end":{"line":60,"column":63}},"line":60},"5":{"name":"(anonymous_5)","decl":{"start":{"line":194,"column":14},"end":{"line":194,"column":29}},"loc":{"start":{"line":194,"column":29},"end":{"line":208,"column":null}},"line":194},"6":{"name":"(anonymous_6)","decl":{"start":{"line":236,"column":16},"end":{"line":236,"column":31}},"loc":{"start":{"line":236,"column":31},"end":{"line":250,"column":null}},"line":236}},"branchMap":{"0":{"loc":{"start":{"line":18,"column":2},"end":{"line":18,"column":null}},"type":"default-arg","locations":[{"start":{"line":18,"column":11},"end":{"line":18,"column":null}}],"line":18},"1":{"loc":{"start":{"line":19,"column":2},"end":{"line":19,"column":null}},"type":"default-arg","locations":[{"start":{"line":19,"column":11},"end":{"line":19,"column":null}}],"line":19},"2":{"loc":{"start":{"line":20,"column":2},"end":{"line":20,"column":null}},"type":"default-arg","locations":[{"start":{"line":20,"column":14},"end":{"line":20,"column":null}}],"line":20},"3":{"loc":{"start":{"line":21,"column":2},"end":{"line":21,"column":null}},"type":"default-arg","locations":[{"start":{"line":21,"column":8},"end":{"line":21,"column":null}}],"line":21},"4":{"loc":{"start":{"line":22,"column":2},"end":{"line":22,"column":null}},"type":"default-arg","locations":[{"start":{"line":22,"column":7},"end":{"line":22,"column":null}}],"line":22},"5":{"loc":{"start":{"line":23,"column":2},"end":{"line":23,"column":null}},"type":"default-arg","locations":[{"start":{"line":23,"column":7},"end":{"line":23,"column":null}}],"line":23},"6":{"loc":{"start":{"line":25,"column":2},"end":{"line":25,"column":null}},"type":"default-arg","locations":[{"start":{"line":25,"column":12},"end":{"line":25,"column":null}}],"line":25},"7":{"loc":{"start":{"line":32,"column":17},"end":{"line":32,"column":null}},"type":"cond-expr","locations":[{"start":{"line":32,"column":44},"end":{"line":32,"column":57}},{"start":{"line":32,"column":57},"end":{"line":32,"column":null}}],"line":32},"8":{"loc":{"start":{"line":41,"column":6},"end":{"line":46,"column":null}},"type":"if","locations":[{"start":{"line":41,"column":6},"end":{"line":46,"column":null}},{"start":{"line":43,"column":13},"end":{"line":46,"column":null}}],"line":41},"9":{"loc":{"start":{"line":57,"column":6},"end":{"line":62,"column":null}},"type":"if","locations":[{"start":{"line":57,"column":6},"end":{"line":62,"column":null}},{"start":{"line":59,"column":13},"end":{"line":62,"column":null}}],"line":57},"10":{"loc":{"start":{"line":74,"column":6},"end":{"line":76,"column":null}},"type":"cond-expr","locations":[{"start":{"line":74,"column":30},"end":{"line":74,"column":null}},{"start":{"line":75,"column":6},"end":{"line":76,"column":null}}],"line":74},"11":{"loc":{"start":{"line":75,"column":6},"end":{"line":76,"column":null}},"type":"cond-expr","locations":[{"start":{"line":75,"column":30},"end":{"line":75,"column":null}},{"start":{"line":76,"column":6},"end":{"line":76,"column":null}}],"line":75},"12":{"loc":{"start":{"line":88,"column":16},"end":{"line":90,"column":null}},"type":"cond-expr","locations":[{"start":{"line":89,"column":20},"end":{"line":89,"column":null}},{"start":{"line":90,"column":20},"end":{"line":90,"column":null}}],"line":88},"13":{"loc":{"start":{"line":92,"column":17},"end":{"line":93,"column":24}},"type":"cond-expr","locations":[{"start":{"line":92,"column":25},"end":{"line":92,"column":63}},{"start":{"line":92,"column":62},"end":{"line":93,"column":24}}],"line":92},"14":{"loc":{"start":{"line":102,"column":11},"end":{"line":106,"column":null}},"type":"binary-expr","locations":[{"start":{"line":102,"column":11},"end":{"line":102,"column":null}},{"start":{"line":103,"column":12},"end":{"line":106,"column":null}}],"line":102},"15":{"loc":{"start":{"line":108,"column":11},"end":{"line":112,"column":null}},"type":"binary-expr","locations":[{"start":{"line":108,"column":11},"end":{"line":108,"column":null}},{"start":{"line":109,"column":12},"end":{"line":112,"column":null}}],"line":108},"16":{"loc":{"start":{"line":114,"column":11},"end":{"line":118,"column":null}},"type":"binary-expr","locations":[{"start":{"line":114,"column":11},"end":{"line":114,"column":null}},{"start":{"line":115,"column":12},"end":{"line":118,"column":null}}],"line":114},"17":{"loc":{"start":{"line":124,"column":7},"end":{"line":186,"column":null}},"type":"binary-expr","locations":[{"start":{"line":124,"column":7},"end":{"line":124,"column":null}},{"start":{"line":125,"column":8},"end":{"line":186,"column":null}}],"line":124},"18":{"loc":{"start":{"line":153,"column":22},"end":{"line":153,"column":84}},"type":"binary-expr","locations":[{"start":{"line":153,"column":22},"end":{"line":153,"column":81}},{"start":{"line":153,"column":81},"end":{"line":153,"column":84}}],"line":153},"19":{"loc":{"start":{"line":153,"column":33},"end":{"line":153,"column":55}},"type":"cond-expr","locations":[{"start":{"line":153,"column":41},"end":{"line":153,"column":46}},{"start":{"line":153,"column":46},"end":{"line":153,"column":55}}],"line":153},"20":{"loc":{"start":{"line":153,"column":55},"end":{"line":153,"column":74}},"type":"cond-expr","locations":[{"start":{"line":153,"column":63},"end":{"line":153,"column":68}},{"start":{"line":153,"column":68},"end":{"line":153,"column":74}}],"line":153},"21":{"loc":{"start":{"line":190,"column":7},"end":{"line":277,"column":null}},"type":"binary-expr","locations":[{"start":{"line":190,"column":7},"end":{"line":190,"column":null}},{"start":{"line":191,"column":8},"end":{"line":277,"column":null}}],"line":190},"22":{"loc":{"start":{"line":192,"column":11},"end":{"line":275,"column":null}},"type":"cond-expr","locations":[{"start":{"line":193,"column":12},"end":{"line":218,"column":null}},{"start":{"line":218,"column":12},"end":{"line":275,"column":null}}],"line":192},"23":{"loc":{"start":{"line":195,"column":36},"end":{"line":195,"column":null}},"type":"cond-expr","locations":[{"start":{"line":195,"column":72},"end":{"line":195,"column":112}},{"start":{"line":195,"column":112},"end":{"line":195,"column":null}}],"line":195},"24":{"loc":{"start":{"line":195,"column":36},"end":{"line":195,"column":72}},"type":"binary-expr","locations":[{"start":{"line":195,"column":36},"end":{"line":195,"column":49}},{"start":{"line":195,"column":49},"end":{"line":195,"column":72}}],"line":195},"25":{"loc":{"start":{"line":225,"column":17},"end":{"line":231,"column":null}},"type":"cond-expr","locations":[{"start":{"line":226,"column":18},"end":{"line":228,"column":null}},{"start":{"line":228,"column":18},"end":{"line":231,"column":null}}],"line":225},"26":{"loc":{"start":{"line":237,"column":38},"end":{"line":237,"column":null}},"type":"cond-expr","locations":[{"start":{"line":237,"column":74},"end":{"line":237,"column":114}},{"start":{"line":237,"column":114},"end":{"line":237,"column":null}}],"line":237},"27":{"loc":{"start":{"line":237,"column":38},"end":{"line":237,"column":74}},"type":"binary-expr","locations":[{"start":{"line":237,"column":38},"end":{"line":237,"column":51}},{"start":{"line":237,"column":51},"end":{"line":237,"column":74}}],"line":237},"28":{"loc":{"start":{"line":266,"column":17},"end":{"line":272,"column":null}},"type":"cond-expr","locations":[{"start":{"line":267,"column":18},"end":{"line":269,"column":null}},{"start":{"line":269,"column":18},"end":{"line":272,"column":null}}],"line":266}},"s":{"0":14,"1":14,"2":14,"3":14,"4":14,"5":14,"6":14,"7":14,"8":14,"9":2,"10":2,"11":2,"12":2,"13":0,"14":0,"15":0,"16":0,"17":2,"18":14,"19":1,"20":1,"21":1,"22":1,"23":0,"24":0,"25":0,"26":0,"27":1,"28":14,"29":14,"30":1,"31":1,"32":1,"33":1},"f":{"0":14,"1":2,"2":0,"3":1,"4":0,"5":1,"6":1},"b":{"0":[14],"1":[14],"2":[14],"3":[14],"4":[14],"5":[14],"6":[14],"7":[6,8],"8":[2,0],"9":[1,0],"10":[1,13],"11":[0,13],"12":[14,0],"13":[14,0],"14":[14,13],"15":[14,1],"16":[14,0],"17":[14,13],"18":[13,0],"19":[13,0],"20":[13,0],"21":[14,13],"22":[1,12],"23":[0,1],"24":[1,0],"25":[3,9],"26":[1,0],"27":[1,1],"28":[3,9]},"meta":{"lastBranch":29,"lastFunction":7,"lastStatement":34,"seen":{"f:17:24:17:37":0,"b:18:11:18:Infinity":0,"b:19:11:19:Infinity":1,"b:20:14:20:Infinity":2,"b:21:8:21:Infinity":3,"b:22:7:22:Infinity":4,"b:23:7:23:Infinity":5,"b:25:12:25:Infinity":6,"s:28:8:28:Infinity":0,"s:29:10:29:Infinity":1,"s:30:22:30:Infinity":2,"s:31:22:31:Infinity":3,"s:32:17:32:Infinity":4,"b:32:44:32:57:32:57:32:Infinity":7,"s:33:23:33:Infinity":5,"s:35:20:35:Infinity":6,"s:36:19:36:Infinity":7,"s:38:24:52:Infinity":8,"f:38:24:38:36":1,"s:39:4:39:Infinity":9,"s:40:4:51:Infinity":10,"b:41:6:46:Infinity:43:13:46:Infinity":8,"s:41:6:46:Infinity":11,"s:42:8:42:Infinity":12,"s:44:8:44:Infinity":13,"f:44:18:44:27":2,"s:44:39:44:63":14,"s:45:8:45:Infinity":15,"s:48:6:48:Infinity":16,"s:50:6:50:Infinity":17,"s:54:23:68:Infinity":18,"f:54:23:54:35":3,"s:55:4:55:Infinity":19,"s:56:4:67:Infinity":20,"b:57:6:62:Infinity:59:13:62:Infinity":9,"s:57:6:62:Infinity":21,"s:58:8:58:Infinity":22,"s:60:8:60:Infinity":23,"f:60:18:60:27":4,"s:60:39:60:63":24,"s:61:8:61:Infinity":25,"s:64:6:64:Infinity":26,"s:66:6:66:Infinity":27,"s:70:16:70:Infinity":28,"s:72:2:279:Infinity":29,"b:74:30:74:Infinity:75:6:76:Infinity":10,"b:75:30:75:Infinity:76:6:76:Infinity":11,"b:89:20:89:Infinity:90:20:90:Infinity":12,"b:92:25:92:63:92:62:93:24":13,"b:102:11:102:Infinity:103:12:106:Infinity":14,"b:108:11:108:Infinity:109:12:112:Infinity":15,"b:114:11:114:Infinity:115:12:118:Infinity":16,"b:124:7:124:Infinity:125:8:186:Infinity":17,"b:153:22:153:81:153:81:153:84":18,"b:153:41:153:46:153:46:153:55":19,"b:153:63:153:68:153:68:153:74":20,"b:190:7:190:Infinity:191:8:277:Infinity":21,"b:193:12:218:Infinity:218:12:275:Infinity":22,"f:194:14:194:29":5,"s:195:36:195:Infinity":30,"b:195:72:195:112:195:112:195:Infinity":23,"b:195:36:195:49:195:49:195:72":24,"s:196:16:207:Infinity":31,"b:226:18:228:Infinity:228:18:231:Infinity":25,"f:236:16:236:31":6,"s:237:38:237:Infinity":32,"b:237:74:237:114:237:114:237:Infinity":26,"b:237:38:237:51:237:51:237:74":27,"s:238:18:249:Infinity":33,"b:267:18:269:Infinity:269:18:272:Infinity":28},"fnNames":{}}}
,"C:\\Users\\shreya\\kerdostat\\frontend\\src\\components\\ProtectedRoute.jsx": {"path":"C:\\Users\\shreya\\kerdostat\\frontend\\src\\components\\ProtectedRoute.jsx","statementMap":{"0":{"start":{"line":5,"column":27},"end":{"line":5,"column":null}},"1":{"start":{"line":7,"column":2},"end":{"line":16,"column":null}},"2":{"start":{"line":8,"column":4},"end":{"line":14,"column":null}},"3":{"start":{"line":18,"column":2},"end":{"line":18,"column":null}}},"fnMap":{"0":{"name":"ProtectedRoute","decl":{"start":{"line":4,"column":24},"end":{"line":4,"column":41}},"loc":{"start":{"line":4,"column":41},"end":{"line":19,"column":null}},"line":4}},"branchMap":{"0":{"loc":{"start":{"line":7,"column":2},"end":{"line":16,"column":null}},"type":"if","locations":[{"start":{"line":7,"column":2},"end":{"line":16,"column":null}},{"start":{},"end":{}}],"line":7},"1":{"loc":{"start":{"line":18,"column":9},"end":{"line":18,"column":null}},"type":"cond-expr","locations":[{"start":{"line":18,"column":27},"end":{"line":18,"column":41}},{"start":{"line":18,"column":40},"end":{"line":18,"column":null}}],"line":18}},"s":{"0":10,"1":10,"2":3,"3":7},"f":{"0":10},"b":{"0":[3,7],"1":[4,3]},"meta":{"lastBranch":2,"lastFunction":1,"lastStatement":4,"seen":{"f:4:24:4:41":0,"s:5:27:5:Infinity":0,"b:7:2:16:Infinity:undefined:undefined:undefined:undefined":0,"s:7:2:16:Infinity":1,"s:8:4:14:Infinity":2,"s:18:2:18:Infinity":3,"b:18:27:18:41:18:40:18:Infinity":1},"fnNames":{}}}
,"C:\\Users\\shreya\\kerdostat\\frontend\\src\\components\\TradingTerminal.jsx": {"path":"C:\\Users\\shreya\\kerdostat\\frontend\\src\\components\\TradingTerminal.jsx","statementMap":{"0":{"start":{"line":29,"column":23},"end":{"line":33,"column":null}},"1":{"start":{"line":36,"column":22},"end":{"line":36,"column":null}},"2":{"start":{"line":37,"column":36},"end":{"line":37,"column":null}},"3":{"start":{"line":38,"column":8},"end":{"line":38,"column":null}},"4":{"start":{"line":40,"column":19},"end":{"line":43,"column":null}},"5":{"start":{"line":46,"column":21},"end":{"line":46,"column":null}},"6":{"start":{"line":49,"column":29},"end":{"line":49,"column":null}},"7":{"start":{"line":50,"column":29},"end":{"line":50,"column":null}},"8":{"start":{"line":51,"column":24},"end":{"line":51,"column":null}},"9":{"start":{"line":53,"column":2},"end":{"line":57,"column":null}},"10":{"start":{"line":54,"column":4},"end":{"line":56,"column":null}},"11":{"start":{"line":55,"column":6},"end":{"line":55,"column":null}},"12":{"start":{"line":59,"column":2},"end":{"line":301,"column":null}},"13":{"start":{"line":278,"column":18},"end":{"line":294,"column":null}},"14":{"start":{"line":281,"column":24},"end":{"line":284,"column":null}},"15":{"start":{"line":285,"column":22},"end":{"line":291,"column":null}}},"fnMap":{"0":{"name":"TradingTerminal","decl":{"start":{"line":35,"column":24},"end":{"line":35,"column":42}},"loc":{"start":{"line":35,"column":42},"end":{"line":303,"column":null}},"line":35},"1":{"name":"(anonymous_1)","decl":{"start":{"line":53,"column":2},"end":{"line":53,"column":18}},"loc":{"start":{"line":53,"column":18},"end":{"line":57,"column":5}},"line":53},"2":{"name":"(anonymous_2)","decl":{"start":{"line":277,"column":25},"end":{"line":277,"column":30}},"loc":{"start":{"line":278,"column":18},"end":{"line":294,"column":null}},"line":278},"3":{"name":"(anonymous_3)","decl":{"start":{"line":279,"column":37},"end":{"line":279,"column":42}},"loc":{"start":{"line":279,"column":64},"end":{"line":293,"column":21}},"line":279}},"branchMap":{"0":{"loc":{"start":{"line":54,"column":4},"end":{"line":56,"column":null}},"type":"if","locations":[{"start":{"line":54,"column":4},"end":{"line":56,"column":null}},{"start":{},"end":{}}],"line":54},"1":{"loc":{"start":{"line":61,"column":7},"end":{"line":73,"column":null}},"type":"binary-expr","locations":[{"start":{"line":61,"column":7},"end":{"line":61,"column":null}},{"start":{"line":62,"column":8},"end":{"line":73,"column":null}}],"line":61},"2":{"loc":{"start":{"line":93,"column":17},"end":{"line":93,"column":48}},"type":"cond-expr","locations":[{"start":{"line":93,"column":38},"end":{"line":93,"column":44}},{"start":{"line":93,"column":44},"end":{"line":93,"column":48}}],"line":93},"3":{"loc":{"start":{"line":126,"column":14},"end":{"line":128,"column":null}},"type":"cond-expr","locations":[{"start":{"line":127,"column":18},"end":{"line":127,"column":null}},{"start":{"line":128,"column":18},"end":{"line":128,"column":null}}],"line":126},"4":{"loc":{"start":{"line":130,"column":15},"end":{"line":130,"column":null}},"type":"cond-expr","locations":[{"start":{"line":130,"column":28},"end":{"line":130,"column":67}},{"start":{"line":130,"column":66},"end":{"line":130,"column":null}}],"line":130},"5":{"loc":{"start":{"line":135,"column":15},"end":{"line":142,"column":null}},"type":"cond-expr","locations":[{"start":{"line":136,"column":16},"end":{"line":140,"column":18}},{"start":{"line":140,"column":16},"end":{"line":142,"column":null}}],"line":135},"6":{"loc":{"start":{"line":146,"column":46},"end":{"line":146,"column":113}},"type":"cond-expr","locations":[{"start":{"line":146,"column":59},"end":{"line":146,"column":80}},{"start":{"line":146,"column":80},"end":{"line":146,"column":113}}],"line":146},"7":{"loc":{"start":{"line":148,"column":17},"end":{"line":148,"column":null}},"type":"cond-expr","locations":[{"start":{"line":148,"column":30},"end":{"line":148,"column":59}},{"start":{"line":148,"column":59},"end":{"line":148,"column":null}}],"line":148},"8":{"loc":{"start":{"line":186,"column":59},"end":{"line":186,"column":null}},"type":"cond-expr","locations":[{"start":{"line":186,"column":73},"end":{"line":186,"column":90}},{"start":{"line":186,"column":90},"end":{"line":186,"column":null}}],"line":186},"9":{"loc":{"start":{"line":188,"column":21},"end":{"line":188,"column":null}},"type":"cond-expr","locations":[{"start":{"line":188,"column":35},"end":{"line":188,"column":52}},{"start":{"line":188,"column":52},"end":{"line":188,"column":null}}],"line":188},"10":{"loc":{"start":{"line":206,"column":16},"end":{"line":208,"column":null}},"type":"cond-expr","locations":[{"start":{"line":207,"column":20},"end":{"line":207,"column":null}},{"start":{"line":208,"column":20},"end":{"line":208,"column":null}}],"line":206},"11":{"loc":{"start":{"line":250,"column":26},"end":{"line":252,"column":null}},"type":"cond-expr","locations":[{"start":{"line":251,"column":30},"end":{"line":251,"column":null}},{"start":{"line":252,"column":30},"end":{"line":252,"column":null}}],"line":250},"12":{"loc":{"start":{"line":255,"column":25},"end":{"line":255,"column":50}},"type":"cond-expr","locations":[{"start":{"line":255,"column":41},"end":{"line":255,"column":47}},{"start":{"line":255,"column":47},"end":{"line":255,"column":50}}],"line":255},"13":{"loc":{"start":{"line":281,"column":24},"end":{"line":284,"column":null}},"type":"binary-expr","locations":[{"start":{"line":281,"column":24},"end":{"line":281,"column":null}},{"start":{"line":282,"column":24},"end":{"line":282,"column":null}},{"start":{"line":283,"column":24},"end":{"line":283,"column":null}},{"start":{"line":284,"column":24},"end":{"line":284,"column":null}}],"line":281},"14":{"loc":{"start":{"line":288,"column":37},"end":{"line":288,"column":null}},"type":"cond-expr","locations":[{"start":{"line":288,"column":49},"end":{"line":288,"column":76}},{"start":{"line":288,"column":76},"end":{"line":288,"column":null}}],"line":288}},"s":{"0":2,"1":4,"2":4,"3":4,"4":4,"5":4,"6":4,"7":4,"8":4,"9":4,"10":4,"11":4,"12":4,"13":6,"14":39,"15":39},"f":{"0":4,"1":4,"2":6,"3":39},"b":{"0":[4,0],"1":[4,3],"2":[1,3],"3":[3,1],"4":[3,1],"5":[3,1],"6":[3,1],"7":[3,1],"8":[4,0],"9":[4,0],"10":[4,0],"11":[1,3],"12":[1,3],"13":[39,39,39,39],"14":[0,39]},"meta":{"lastBranch":15,"lastFunction":4,"lastStatement":16,"seen":{"s:29:23:33:Infinity":0,"f:35:24:35:42":0,"s:36:22:36:Infinity":1,"s:37:36:37:Infinity":2,"s:38:8:38:Infinity":3,"s:40:19:43:Infinity":4,"s:46:21:46:Infinity":5,"s:49:29:49:Infinity":6,"s:50:29:50:Infinity":7,"s:51:24:51:Infinity":8,"s:53:2:57:Infinity":9,"f:53:2:53:18":1,"b:54:4:56:Infinity:undefined:undefined:undefined:undefined":0,"s:54:4:56:Infinity":10,"s:55:6:55:Infinity":11,"s:59:2:301:Infinity":12,"b:61:7:61:Infinity:62:8:73:Infinity":1,"b:93:38:93:44:93:44:93:48":2,"b:127:18:127:Infinity:128:18:128:Infinity":3,"b:130:28:130:67:130:66:130:Infinity":4,"b:136:16:140:18:140:16:142:Infinity":5,"b:146:59:146:80:146:80:146:113":6,"b:148:30:148:59:148:59:148:Infinity":7,"b:186:73:186:90:186:90:186:Infinity":8,"b:188:35:188:52:188:52:188:Infinity":9,"b:207:20:207:Infinity:208:20:208:Infinity":10,"b:251:30:251:Infinity:252:30:252:Infinity":11,"b:255:41:255:47:255:47:255:50":12,"f:277:25:277:30":2,"s:278:18:294:Infinity":13,"f:279:37:279:42":3,"s:281:24:284:Infinity":14,"b:281:24:281:Infinity:282:24:282:Infinity:283:24:283:Infinity:284:24:284:Infinity":13,"s:285:22:291:Infinity":15,"b:288:49:288:76:288:76:288:Infinity":14},"fnNames":{}}}
,"C:\\Users\\shreya\\kerdostat\\frontend\\src\\components\\ui\\badge.jsx": {"path":"C:\\Users\\shreya\\kerdostat\\frontend\\src\\components\\ui\\badge.jsx","statementMap":{"0":{"start":{"line":6,"column":6},"end":{"line":24,"column":null}},"1":{"start":{"line":31,"column":2},"end":{"line":31,"column":null}}},"fnMap":{"0":{"name":"Badge","decl":{"start":{"line":26,"column":9},"end":{"line":26,"column":15}},"loc":{"start":{"line":30,"column":3},"end":{"line":32,"column":null}},"line":30}},"branchMap":{},"s":{"0":3,"1":23},"f":{"0":23},"b":{},"meta":{"lastBranch":0,"lastFunction":1,"lastStatement":2,"seen":{"s:6:6:24:Infinity":0,"f:26:9:26:15":0,"s:31:2:31:Infinity":1},"fnNames":{}}}
[...]
"end":{"line":192,"column":null}}],"line":190},"10":{"loc":{"start":{"line":201,"column":14},"end":{"line":203,"column":null}},"type":"cond-expr","locations":[{"start":{"line":202,"column":18},"end":{"line":202,"column":null}},{"start":{"line":203,"column":18},"end":{"line":203,"column":null}}],"line":201},"11":{"loc":{"start":{"line":218,"column":7},"end":{"line":272,"column":null}},"type":"binary-expr","locations":[{"start":{"line":218,"column":7},"end":{"line":218,"column":18}},{"start":{"line":218,"column":18},"end":{"line":218,"column":null}},{"start":{"line":219,"column":8},"end":{"line":272,"column":null}}],"line":218},"12":{"loc":{"start":{"line":275,"column":7},"end":{"line":284,"column":null}},"type":"binary-expr","locations":[{"start":{"line":275,"column":7},"end":{"line":275,"column":null}},{"start":{"line":276,"column":8},"end":{"line":284,"column":null}}],"line":275},"13":{"loc":{"start":{"line":288,"column":7},"end":{"line":317,"column":null}},"type":"binary-expr","locations":[{"start":{"line":288,"column":7},"end":{"line":288,"column":19}},{"start":{"line":288,"column":19},"end":{"line":288,"column":null}},{"start":{"line":289,"column":8},"end":{"line":317,"column":null}}],"line":288},"14":{"loc":{"start":{"line":290,"column":11},"end":{"line":315,"column":null}},"type":"cond-expr","locations":[{"start":{"line":291,"column":12},"end":{"line":299,"column":30}},{"start":{"line":299,"column":12},"end":{"line":315,"column":null}}],"line":290}},"s":{"0":1,"1":1,"2":1,"3":7,"4":7,"5":7,"6":7,"7":7,"8":7,"9":2,"10":2,"11":2,"12":2,"13":2,"14":0,"15":0,"16":2,"17":7,"18":2,"19":7,"20":2,"21":0,"22":0,"23":0,"24":0,"25":7,"26":1,"27":1,"28":1,"29":1,"30":1,"31":1,"32":0,"33":0,"34":7,"35":0,"36":0,"37":0,"38":0,"39":0,"40":0,"41":0,"42":0,"43":7,"44":5,"45":0,"46":5,"47":0,"48":5,"49":7,"50":5,"51":5,"52":0,"53":7,"54":0,"55":0,"56":5,"57":0,"58":5,"59":8,"60":8,"61":5,"62":1,"63":0},"f":{"0":7,"1":2,"2":2,"3":2,"4":0,"5":0,"6":1,"7":1,"8":1,"9":0,"10":0,"11":0,"12":5,"13":5,"14":0,"15":0,"16":5,"17":0,"18":5,"19":8,"20":8,"21":5,"22":1,"23":0},"b":{"0":[0,2],"1":[2,0],"2":[0,0],"3":[1,0],"4":[0,0],"5":[0,5],"6":[0,5],"7":[5,0],"8":[7,0],"9":[0,7],"10":[0,7],"11":[7,2,2],"12":[7,0],"13":[7,5,5],"14":[0,5]},"meta":{"lastBranch":15,"lastFunction":24,"lastStatement":64,"seen":{"s:9:23:22:Infinity":0,"s:25:22:38:Infinity":1,"s:41:22:54:Infinity":2,"f:56:24:56:40":0,"s:57:20:57:Infinity":3,"s:58:18:58:Infinity":4,"s:59:16:59:Infinity":5,"s:60:17:60:Infinity":6,"s:62:10:62:Infinity":7,"s:65:24:77:Infinity":8,"f:65:24:65:36":1,"s:66:4:76:Infinity":9,"s:67:6:67:Infinity":10,"s:68:19:68:Infinity":11,"s:69:6:69:Infinity":12,"s:70:6:70:Infinity":13,"s:72:6:72:Infinity":14,"s:73:6:73:Infinity":15,"s:75:6:75:Infinity":16,"s:79:2:81:Infinity":17,"f:79:2:79:18":2,"s:80:4:80:Infinity":18,"s:84:2:91:Infinity":19,"f:84:2:84:18":3,"b:85:4:90:Infinity:undefined:undefined:undefined:undefined":0,"s:85:4:90:Infinity":20,"b:85:8:85:25:85:25:85:69":1,"s:86:38:86:Infinity":21,"s:87:6:89:Infinity":22,"f:87:6:87:20":4,"s:88:8:88:Infinity":23,"f:88:13:88:18":5,"s:88:25:88:69":24,"b:88:48:88:67:88:67:88:69":2,"s:93:30:104:Infinity":25,"f:93:30:93:37":6,"s:94:4:103:Infinity":26,"s:95:22:95:Infinity":27,"s:96:6:98:Infinity":28,"f:96:6:96:20":7,"s:97:8:97:Infinity":29,"f:97:13:97:18":8,"s:97:25:97:76":30,"b:97:39:97:74:97:74:97:76":3,"s:99:6:99:Infinity":31,"s:101:6:101:Infinity":32,"s:102:6:102:Infinity":33,"s:106:29:117:Infinity":34,"f:106:29:106:36":9,"s:107:4:116:Infinity":35,"s:108:22:108:Infinity":36,"s:109:6:111:Infinity":37,"f:109:6:109:20":10,"s:110:8:110:Infinity":38,"f:110:13:110:18":11,"s:110:25:110:76":39,"b:110:39:110:74:110:74:110:76":4,"s:112:6:112:Infinity":40,"s:114:6:114:Infinity":41,"s:115:6:115:Infinity":42,"s:119:8:123:Infinity":43,"f:119:8:119:24":12,"b:120:4:120:Infinity:undefined:undefined:undefined:undefined":5,"s:120:4:120:Infinity":44,"s:120:27:120:Infinity":45,"b:121:4:121:Infinity:undefined:undefined:undefined:undefined":6,"s:121:4:121:Infinity":46,"s:121:27:121:Infinity":47,"s:122:4:122:Infinity":48,"s:125:28:128:Infinity":49,"f:125:38:125:46":13,"b:126:4:126:Infinity:undefined:undefined:undefined:undefined":7,"s:126:4:126:Infinity":50,"s:126:26:126:Infinity":51,"s:127:4:127:Infinity":52,"s:130:2:319:Infinity":53,"f:176:12:176:27":14,"s:176:27:176:Infinity":54,"b:180:18:180:Infinity:181:18:181:Infinity":8,"f:187:12:187:27":15,"s:187:27:187:Infinity":55,"b:191:18:191:Infinity:192:18:192:Infinity":9,"f:195:35:195:43":16,"s:195:49:195:67":56,"f:198:12:198:27":17,"s:198:27:198:Infinity":57,"b:202:18:202:Infinity:203:18:203:Infinity":10,"f:206:36:206:44":18,"s:206:50:206:69":58,"b:218:7:218:18:218:18:218:Infinity:219:8:272:Infinity":11,"f:233:30:233:35":19,"s:234:18:237:Infinity":59,"f:259:30:259:35":20,"s:260:18:263:Infinity":60,"b:275:7:275:Infinity:276:8:284:Infinity":12,"b:288:7:288:19:288:19:288:Infinity:289:8:317:Infinity":13,"b:291:12:299:30:299:12:315:Infinity":14,"f:299:30:299:35":21,"s:300:14:314:Infinity":61,"f:311:18:311:35":22,"s:311:35:311:Infinity":62,"f:312:18:312:34":23,"s:312:34:312:Infinity":63},"fnNames":{}}}
,"C:\\Users\\shreya\\kerdostat\\frontend\\src\\services\\apiService.js": {"path":"C:\\Users\\shreya\\kerdostat\\frontend\\src\\services\\apiService.js","statementMap":{"0":{"start":{"line":1,"column":17},"end":{"line":1,"column":null}},"1":{"start":{"line":4,"column":19},"end":{"line":6,"column":null}},"2":{"start":{"line":7,"column":2},"end":{"line":9,"column":null}},"3":{"start":{"line":8,"column":4},"end":{"line":8,"column":null}},"4":{"start":{"line":10,"column":2},"end":{"line":10,"column":null}},"5":{"start":{"line":14,"column":19},"end":{"line":21,"column":null}},"6":{"start":{"line":23,"column":2},"end":{"line":26,"column":null}},"7":{"start":{"line":24,"column":22},"end":{"line":24,"column":null}},"8":{"start":{"line":24,"column":57},"end":{"line":24,"column":60}},"9":{"start":{"line":25,"column":4},"end":{"line":25,"column":null}},"10":{"start":{"line":28,"column":2},"end":{"line":28,"column":null}},"11":{"start":{"line":33,"column":19},"end":{"line":40,"column":null}},"12":{"start":{"line":42,"column":2},"end":{"line":45,"column":null}},"13":{"start":{"line":43,"column":22},"end":{"line":43,"column":null}},"14":{"start":{"line":43,"column":57},"end":{"line":43,"column":60}},"15":{"start":{"line":44,"column":4},"end":{"line":44,"column":null}},"16":{"start":{"line":47,"column":2},"end":{"line":47,"column":null}},"17":{"start":{"line":51,"column":19},"end":{"line":58,"column":null}},"18":{"start":{"line":60,"column":2},"end":{"line":63,"column":null}},"19":{"start":{"line":61,"column":22},"end":{"line":61,"column":null}},"20":{"start":{"line":61,"column":57},"end":{"line":61,"column":60}},"21":{"start":{"line":62,"column":4},"end":{"line":62,"column":null}},"22":{"start":{"line":65,"column":2},"end":{"line":65,"column":null}},"23":{"start":{"line":69,"column":19},"end":{"line":72,"column":null}},"24":{"start":{"line":74,"column":2},"end":{"line":76,"column":null}},"25":{"start":{"line":75,"column":4},"end":{"line":75,"column":null}},"26":{"start":{"line":78,"column":2},"end":{"line":78,"column":null}},"27":{"start":{"line":82,"column":19},"end":{"line":85,"column":null}},"28":{"start":{"line":87,"column":2},"end":{"line":89,"column":null}},"29":{"start":{"line":88,"column":4},"end":{"line":88,"column":null}},"30":{"start":{"line":91,"column":2},"end":{"line":91,"column":null}},"31":{"start":{"line":95,"column":19},"end":{"line":97,"column":null}},"32":{"start":{"line":98,"column":2},"end":{"line":100,"column":null}},"33":{"start":{"line":99,"column":4},"end":{"line":99,"column":null}},"34":{"start":{"line":101,"column":2},"end":{"line":101,"column":null}},"35":{"start":{"line":105,"column":19},"end":{"line":107,"column":null}},"36":{"start":{"line":108,"column":2},"end":{"line":110,"column":null}},"37":{"start":{"line":109,"column":4},"end":{"line":109,"column":null}},"38":{"start":{"line":111,"column":2},"end":{"line":111,"column":null}},"39":{"start":{"line":115,"column":19},"end":{"line":122,"column":null}},"40":{"start":{"line":123,"column":2},"end":{"line":126,"column":null}},"41":{"start":{"line":124,"column":22},"end":{"line":124,"column":null}},"42":{"start":{"line":124,"column":57},"end":{"line":124,"column":60}},"43":{"start":{"line":125,"column":4},"end":{"line":125,"column":null}},"44":{"start":{"line":127,"column":2},"end":{"line":127,"column":null}},"45":{"start":{"line":131,"column":19},"end":{"line":138,"column":null}},"46":{"start":{"line":139,"column":2},"end":{"line":142,"column":null}},"47":{"start":{"line":140,"column":22},"end":{"line":140,"column":null}},"48":{"start":{"line":140,"column":57},"end":{"line":140,"column":60}},"49":{"start":{"line":141,"column":4},"end":{"line":141,"column":null}},"50":{"start":{"line":143,"column":2},"end":{"line":143,"column":null}},"51":{"start":{"line":147,"column":19},"end":{"line":149,"column":null}},"52":{"start":{"line":150,"column":2},"end":{"line":152,"column":null}},"53":{"start":{"line":151,"column":4},"end":{"line":151,"column":null}},"54":{"start":{"line":153,"column":2},"end":{"line":153,"column":null}},"55":{"start":{"line":157,"column":19},"end":{"line":164,"column":null}},"56":{"start":{"line":165,"column":2},"end":{"line":167,"column":null}},"57":{"start":{"line":166,"column":4},"end":{"line":166,"column":null}},"58":{"start":{"line":168,"column":2},"end":{"line":168,"column":null}}},"fnMap":{"0":{"name":"fetchProposals","decl":{"start":{"line":3,"column":22},"end":{"line":3,"column":39}},"loc":{"start":{"line":3,"column":39},"end":{"line":11,"column":null}},"line":3},"1":{"name":"updateProposalAction","decl":{"start":{"line":13,"column":22},"end":{"line":13,"column":43}},"loc":{"start":{"line":13,"column":63},"end":{"line":29,"column":null}},"line":13},"2":{"name":"(anonymous_2)","decl":{"start":{"line":24,"column":44},"end":{"line":24,"column":57}},"loc":{"start":{"line":24,"column":57},"end":{"line":24,"column":60}},"line":24},"3":{"name":"loginUser","decl":{"start":{"line":32,"column":22},"end":{"line":32,"column":32}},"loc":{"start":{"line":32,"column":49},"end":{"line":48,"column":null}},"line":32},"4":{"name":"(anonymous_4)","decl":{"start":{"line":43,"column":44},"end":{"line":43,"column":57}},"loc":{"start":{"line":43,"column":57},"end":{"line":43,"column":60}},"line":43},"5":{"name":"registerUser","decl":{"start":{"line":50,"column":22},"end":{"line":50,"column":35}},"loc":{"start":{"line":50,"column":58},"end":{"line":66,"column":null}},"line":50},"6":{"name":"(anonymous_6)","decl":{"start":{"line":61,"column":44},"end":{"line":61,"column":57}},"loc":{"start":{"line":61,"column":57},"end":{"line":61,"column":60}},"line":61},"7":{"name":"logoutUser","decl":{"start":{"line":68,"column":22},"end":{"line":68,"column":35}},"loc":{"start":{"line":68,"column":35},"end":{"line":79,"column":null}},"line":68},"8":{"name":"fetchMe","decl":{"start":{"line":81,"column":22},"end":{"line":81,"column":32}},"loc":{"start":{"line":81,"column":32},"end":{"line":92,"column":null}},"line":81},"9":{"name":"fetchOHLCV","decl":{"start":{"line":94,"column":22},"end":{"line":94,"column":33}},"loc":{"start":{"line":94,"column":47},"end":{"line":102,"column":null}},"line":94},"10":{"name":"fetchAuditLogs","decl":{"start":{"line":104,"column":22},"end":{"line":104,"column":39}},"loc":{"start":{"line":104,"column":39},"end":{"line":112,"column":null}},"line":104},"11":{"name":"executeHijack","decl":{"start":{"line":114,"column":22},"end":{"line":114,"column":36}},"loc":{"start":{"line":114,"column":45},"end":{"line":128,"column":null}},"line":114},"12":{"name":"(anonymous_12)","decl":{"start":{"line":124,"column":44},"end":{"line":124,"column":57}},"loc":{"start":{"line":124,"column":57},"end":{"line":124,"column":60}},"line":124},"13":{"name":"overrideProposal","decl":{"start":{"line":130,"column":22},"end":{"line":130,"column":39}},"loc":{"start":{"line":130,"column":52},"end":{"line":144,"column":null}},"line":130},"14":{"name":"(anonymous_14)","decl":{"start":{"line":140,"column":44},"end":{"line":140,"column":57}},"loc":{"start":{"line":140,"column":57},"end":{"line":140,"column":60}},"line":140},"15":{"name":"fetchMode","decl":{"start":{"line":146,"column":22},"end":{"line":146,"column":34}},"loc":{"start":{"line":146,"column":34},"end":{"line":154,"column":null}},"line":146},"16":{"name":"updateMode","decl":{"start":{"line":156,"column":22},"end":{"line":156,"column":33}},"loc":{"start":{"line":156,"column":39},"end":{"line":169,"column":null}},"line":156}},"branchMap":{"0":{"loc":{"start":{"line":7,"column":2},"end":{"line":9,"column":null}},"type":"if","locations":[{"start":{"line":7,"column":2},"end":{"line":9,"column":null}},{"start":{},"end":{}}],"line":7},"1":{"loc":{"start":{"line":23,"column":2},"end":{"line":26,"column":null}},"type":"if","locations":[{"start":{"line":23,"column":2},"end":{"line":26,"column":null}},{"start":{},"end":{}}],"line":23},"2":{"loc":{"start":{"line":25,"column":20},"end":{"line":25,"column":98}},"type":"binary-expr","locations":[{"start":{"line":25,"column":20},"end":{"line":25,"column":40}},{"start":{"line":25,"column":40},"end":{"line":25,"column":98}}],"line":25},"3":{"loc":{"start":{"line":42,"column":2},"end":{"line":45,"column":null}},"type":"if","locations":[{"start":{"line":42,"column":2},"end":{"line":45,"column":null}},{"start":{},"end":{}}],"line":42},"4":{"loc":{"start":{"line":44,"column":20},"end":{"line":44,"column":64}},"type":"binary-expr","locations":[{"start":{"line":44,"column":20},"end":{"line":44,"column":40}},{"start":{"line":44,"column":40},"end":{"line":44,"column":64}}],"line":44},"5":{"loc":{"start":{"line":60,"column":2},"end":{"line":63,"column":null}},"type":"if","locations":[{"start":{"line":60,"column":2},"end":{"line":63,"column":null}},{"start":{},"end":{}}],"line":60},"6":{"loc":{"start":{"line":62,"column":20},"end":{"line":62,"column":62}},"type":"binary-expr","locations":[{"start":{"line":62,"column":20},"end":{"line":62,"column":40}},{"start":{"line":62,"column":40},"end":{"line":62,"column":62}}],"line":62},"7":{"loc":{"start":{"line":74,"column":2},"end":{"line":76,"column":null}},"type":"if","locations":[{"start":{"line":74,"column":2},"end":{"line":76,"column":null}},{"start":{},"end":{}}],"line":74},"8":{"loc":{"start":{"line":87,"column":2},"end":{"line":89,"column":null}},"type":"if","locations":[{"start":{"line":87,"column":2},"end":{"line":89,"column":null}},{"start":{},"end":{}}],"line":87},"9":{"loc":{"start":{"line":94,"column":33},"end":{"line":94,"column":47}},"type":"default-arg","locations":[{"start":{"line":94,"column":41},"end":{"line":94,"column":47}}],"line":94},"10":{"loc":{"start":{"line":98,"column":2},"end":{"line":100,"column":null}},"type":"if","locations":[{"start":{"line":98,"column":2},"end":{"line":100,"column":null}},{"start":{},"end":{}}],"line":98},"11":{"loc":{"start":{"line":108,"column":2},"end":{"line":110,"column":null}},"type":"if","locations":[{"start":{"line":108,"column":2},"end":{"line":110,"column":null}},{"start":{},"end":{}}],"line":108},"12":{"loc":{"start":{"line":123,"column":2},"end":{"line":126,"column":null}},"type":"if","locations":[{"start":{"line":123,"column":2},"end":{"line":126,"column":null}},{"start":{},"end":{}}],"line":123},"13":{"loc":{"start":{"line":125,"column":20},"end":{"line":125,"column":90}},"type":"binary-expr","locations":[{"start":{"line":125,"column":20},"end":{"line":125,"column":40}},{"start":{"line":125,"column":40},"end":{"line":125,"column":90}}],"line":125},"14":{"loc":{"start":{"line":139,"column":2},"end":{"line":142,"column":null}},"type":"if","locations":[{"start":{"line":139,"column":2},"end":{"line":142,"column":null}},{"start":{},"end":{}}],"line":139},"15":{"loc":{"start":{"line":141,"column":20},"end":{"line":141,"column":92}},"type":"binary-expr","locations":[{"start":{"line":141,"column":20},"end":{"line":141,"column":40}},{"start":{"line":141,"column":40},"end":{"line":141,"column":92}}],"line":141},"16":{"loc":{"start":{"line":150,"column":2},"end":{"line":152,"column":null}},"type":"if","locations":[{"start":{"line":150,"column":2},"end":{"line":152,"column":null}},{"start":{},"end":{}}],"line":150},"17":{"loc":{"start":{"line":165,"column":2},"end":{"line":167,"column":null}},"type":"if","locations":[{"start":{"line":165,"column":2},"end":{"line":167,"column":null}},{"start":{},"end":{}}],"line":165}},"s":{"0":2,"1":2,"2":2,"3":0,"4":2,"5":1,"6":1,"7":0,"8":0,"9":0,"10":1,"11":2,"12":2,"13":0,"14":0,"15":0,"16":2,"17":0,"18":0,"19":0,"20":0,"21":0,"22":0,"23":0,"24":0,"25":0,"26":0,"27":3,"28":3,"29":2,"30":1,"31":0,"32":0,"33":0,"34":0,"35":0,"36":0,"37":0,"38":0,"39":0,"40":0,"41":0,"42":0,"43":0,"44":0,"45":1,"46":1,"47":0,"48":0,"49":0,"50":1,"51":3,"52":3,"53":0,"54":3,"55":2,"56":2,"57":0,"58":2},"f":{"0":2,"1":1,"2":0,"3":2,"4":0,"5":0,"6":0,"7":0,"8":3,"9":0,"10":0,"11":0,"12":0,"13":1,"14":0,"15":3,"16":2},"b":{"0":[0,2],"1":[0,1],"2":[0,0],"3":[0,2],"4":[0,0],"5":[0,0],"6":[0,0],"7":[0,0],"8":[2,1],"9":[0],"10":[0,0],"11":[0,0],"12":[0,0],"13":[0,0],"14":[0,1],"15":[0,0],"16":[0,3],"17":[0,2]},"meta":{"lastBranch":18,"lastFunction":17,"lastStatement":59,"seen":{"s:1:17:1:Infinity":0,"f:3:22:3:39":0,"s:4:19:6:Infinity":1,"b:7:2:9:Infinity:undefined:undefined:undefined:undefined":0,"s:7:2:9:Infinity":2,"s:8:4:8:Infinity":3,"s:10:2:10:Infinity":4,"f:13:22:13:43":1,"s:14:19:21:Infinity":5,"b:23:2:26:Infinity:undefined:undefined:undefined:undefined":1,"s:23:2:26:Infinity":6,"s:24:22:24:Infinity":7,"f:24:44:24:57":2,"s:24:57:24:60":8,"s:25:4:25:Infinity":9,"b:25:20:25:40:25:40:25:98":2,"s:28:2:28:Infinity":10,"f:32:22:32:32":3,"s:33:19:40:Infinity":11,"b:42:2:45:Infinity:undefined:undefined:undefined:undefined":3,"s:42:2:45:Infinity":12,"s:43:22:43:Infinity":13,"f:43:44:43:57":4,"s:43:57:43:60":14,"s:44:4:44:Infinity":15,"b:44:20:44:40:44:40:44:64":4,"s:47:2:47:Infinity":16,"f:50:22:50:35":5,"s:51:19:58:Infinity":17,"b:60:2:63:Infinity:undefined:undefined:undefined:undefined":5,"s:60:2:63:Infinity":18,"s:61:22:61:Infinity":19,"f:61:44:61:57":6,"s:61:57:61:60":20,"s:62:4:62:Infinity":21,"b:62:20:62:40:62:40:62:62":6,"s:65:2:65:Infinity":22,"f:68:22:68:35":7,"s:69:19:72:Infinity":23,"b:74:2:76:Infinity:undefined:undefined:undefined:undefined":7,"s:74:2:76:Infinity":24,"s:75:4:75:Infinity":25,"s:78:2:78:Infinity":26,"f:81:22:81:32":8,"s:82:19:85:Infinity":27,"b:87:2:89:Infinity:undefined:undefined:undefined:undefined":8,"s:87:2:89:Infinity":28,"s:88:4:88:Infinity":29,"s:91:2:91:Infinity":30,"f:94:22:94:33":9,"b:94:41:94:47":9,"s:95:19:97:Infinity":31,"b:98:2:100:Infinity:undefined:undefined:undefined:undefined":10,"s:98:2:100:Infinity":32,"s:99:4:99:Infinity":33,"s:101:2:101:Infinity":34,"f:104:22:104:39":10,"s:105:19:107:Infinity":35,"b:108:2:110:Infinity:undefined:undefined:undefined:undefined":11,"s:108:2:110:Infinity":36,"s:109:4:109:Infinity":37,"s:111:2:111:Infinity":38,"f:114:22:114:36":11,"s:115:19:122:Infinity":39,"b:123:2:126:Infinity:undefined:undefined:undefined:undefined":12,"s:123:2:126:Infinity":40,"s:124:22:124:Infinity":41,"f:124:44:124:57":12,"s:124:57:124:60":42,"s:125:4:125:Infinity":43,"b:125:20:125:40:125:40:125:90":13,"s:127:2:127:Infinity":44,"f:130:22:130:39":13,"s:131:19:138:Infinity":45,"b:139:2:142:Infinity:undefined:undefined:undefined:undefined":14,"s:139:2:142:Infinity":46,"s:140:22:140:Infinity":47,"f:140:44:140:57":14,"s:140:57:140:60":48,"s:141:4:141:Infinity":49,"b:141:20:141:40:141:40:141:92":15,"s:143:2:143:Infinity":50,"f:146:22:146:34":15,"s:147:19:149:Infinity":51,"b:150:2:152:Infinity:undefined:undefined:undefined:undefined":16,"s:150:2:152:Infinity":52,"s:151:4:151:Infinity":53,"s:153:2:153:Infinity":54,"f:156:22:156:33":16,"s:157:19:164:Infinity":55,"b:165:2:167:Infinity:undefined:undefined:undefined:undefined":17,"s:165:2:167:Infinity":56,"s:166:4:166:Infinity":57,"s:168:2:168:Infinity":58},"fnNames":{}}}
}
